mode: set
k071123/internal/services/parking_service/cmd/main.go:23.13,44.12 11 0
k071123/internal/services/parking_service/cmd/main.go:44.12,48.3 3 0
k071123/internal/services/parking_service/cmd/main.go:49.2,49.12 1 0
k071123/internal/services/parking_service/cmd/main.go:49.12,53.3 3 0
k071123/internal/services/parking_service/cmd/main.go:55.2,64.50 8 0
k071123/internal/services/parking_service/contracts/pkg/proto/parking_service.pb.go:32.32,37.2 4 0
k071123/internal/services/parking_service/contracts/pkg/proto/parking_service.pb.go:39.40,41.2 1 0
k071123/internal/services/parking_service/contracts/pkg/proto/parking_service.pb.go:43.38,43.39 0 0
k071123/internal/services/parking_service/contracts/pkg/proto/parking_service.pb.go:45.60,47.14 2 0
k071123/internal/services/parking_service/contracts/pkg/proto/parking_service.pb.go:47.14,49.34 2 0
k071123/internal/services/parking_service/contracts/pkg/proto/parking_service.pb.go:49.34,51.4 1 0
k071123/internal/services/parking_service/contracts/pkg/proto/parking_service.pb.go:52.3,52.12 1 0
k071123/internal/services/parking_service/contracts/pkg/proto/parking_service.pb.go:54.2,54.24 1 0
k071123/internal/services/parking_service/contracts/pkg/proto/parking_service.pb.go:58.51,60.2 1 0
k071123/internal/services/parking_service/contracts/pkg/proto/parking_service.pb.go:62.46,63.14 1 0
k071123/internal/services/parking_service/contracts/pkg/proto/parking_service.pb.go:63.14,65.3 1 0
k071123/internal/services/parking_service/contracts/pkg/proto/parking_service.pb.go:66.2,66.11 1 0
k071123/internal/services/parking_service/contracts/pkg/proto/parking_service.pb.go:69.45,70.14 1 0
k071123/internal/services/parking_service/contracts/pkg/proto/parking_service.pb.go:70.14,72.3 1 0
k071123/internal/services/parking_service/contracts/pkg/proto/parking_service.pb.go:73.2,73.11 1 0
k071123/internal/services/parking_service/contracts/pkg/proto/parking_service.pb.go:83.33,88.2 4 0
k071123/internal/services/parking_service/contracts/pkg/proto/parking_service.pb.go:90.41,92.2 1 0
k071123/internal/services/parking_service/contracts/pkg/proto/parking_service.pb.go:94.39,94.40 0 0
k071123/internal/services/parking_service/contracts/pkg/proto/parking_service.pb.go:96.61,98.14 2 0
k071123/internal/services/parking_service/contracts/pkg/proto/parking_service.pb.go:98.14,100.34 2 0
k071123/internal/services/parking_service/contracts/pkg/proto/parking_service.pb.go:100.34,102.4 1 0
k071123/internal/services/parking_service/contracts/pkg/proto/parking_service.pb.go:103.3,103.12 1 0
k071123/internal/services/parking_service/contracts/pkg/proto/parking_service.pb.go:105.2,105.24 1 0
k071123/internal/services/parking_service/contracts/pkg/proto/parking_service.pb.go:109.52,111.2 1 0
k071123/internal/services/parking_service/contracts/pkg/proto/parking_service.pb.go:113.39,114.14 1 0
k071123/internal/services/parking_service/contracts/pkg/proto/parking_service.pb.go:114.14,116.3 1 0
k071123/internal/services/parking_service/contracts/pkg/proto/parking_service.pb.go:117.2,117.12 1 0
k071123/internal/services/parking_service/contracts/pkg/proto/parking_service.pb.go:131.23,136.2 4 0
k071123/internal/services/parking_service/contracts/pkg/proto/parking_service.pb.go:138.31,140.2 1 0
k071123/internal/services/parking_service/contracts/pkg/proto/parking_service.pb.go:142.29,142.30 0 0
k071123/internal/services/parking_service/contracts/pkg/proto/parking_service.pb.go:144.51,146.14 2 0
k071123/internal/services/parking_service/contracts/pkg/proto/parking_service.pb.go:146.14,148.34 2 0
k071123/internal/services/parking_service/contracts/pkg/proto/parking_service.pb.go:148.34,150.4 1 0
k071123/internal/services/parking_service/contracts/pkg/proto/parking_service.pb.go:151.3,151.12 1 0
k071123/internal/services/parking_service/contracts/pkg/proto/parking_service.pb.go:153.2,153.24 1 0
k071123/internal/services/parking_service/contracts/pkg/proto/parking_service.pb.go:157.42,159.2 1 0
k071123/internal/services/parking_service/contracts/pkg/proto/parking_service.pb.go:161.32,162.14 1 0
k071123/internal/services/parking_service/contracts/pkg/proto/parking_service.pb.go:162.14,164.3 1 0
k071123/internal/services/parking_service/contracts/pkg/proto/parking_service.pb.go:165.2,165.11 1 0
k071123/internal/services/parking_service/contracts/pkg/proto/parking_service.pb.go:168.36,169.14 1 0
k071123/internal/services/parking_service/contracts/pkg/proto/parking_service.pb.go:169.14,171.3 1 0
k071123/internal/services/parking_service/contracts/pkg/proto/parking_service.pb.go:172.2,172.11 1 0
k071123/internal/services/parking_service/contracts/pkg/proto/parking_service.pb.go:175.37,176.14 1 0
k071123/internal/services/parking_service/contracts/pkg/proto/parking_service.pb.go:176.14,178.3 1 0
k071123/internal/services/parking_service/contracts/pkg/proto/parking_service.pb.go:179.2,179.11 1 0
k071123/internal/services/parking_service/contracts/pkg/proto/parking_service.pb.go:182.34,183.14 1 0
k071123/internal/services/parking_service/contracts/pkg/proto/parking_service.pb.go:183.14,185.3 1 0
k071123/internal/services/parking_service/contracts/pkg/proto/parking_service.pb.go:186.2,186.14 1 0
k071123/internal/services/parking_service/contracts/pkg/proto/parking_service.pb.go:189.41,190.14 1 0
k071123/internal/services/parking_service/contracts/pkg/proto/parking_service.pb.go:190.14,192.3 1 0
k071123/internal/services/parking_service/contracts/pkg/proto/parking_service.pb.go:193.2,193.12 1 0
k071123/internal/services/parking_service/contracts/pkg/proto/parking_service.pb.go:205.30,210.2 4 0
k071123/internal/services/parking_service/contracts/pkg/proto/parking_service.pb.go:212.38,214.2 1 0
k071123/internal/services/parking_service/contracts/pkg/proto/parking_service.pb.go:216.36,216.37 0 0
k071123/internal/services/parking_service/contracts/pkg/proto/parking_service.pb.go:218.58,220.14 2 0
k071123/internal/services/parking_service/contracts/pkg/proto/parking_service.pb.go:220.14,222.34 2 0
k071123/internal/services/parking_service/contracts/pkg/proto/parking_service.pb.go:222.34,224.4 1 0
k071123/internal/services/parking_service/contracts/pkg/proto/parking_service.pb.go:225.3,225.12 1 0
k071123/internal/services/parking_service/contracts/pkg/proto/parking_service.pb.go:227.2,227.24 1 0
k071123/internal/services/parking_service/contracts/pkg/proto/parking_service.pb.go:231.49,233.2 1 0
k071123/internal/services/parking_service/contracts/pkg/proto/parking_service.pb.go:235.39,236.14 1 0
k071123/internal/services/parking_service/contracts/pkg/proto/parking_service.pb.go:236.14,238.3 1 0
k071123/internal/services/parking_service/contracts/pkg/proto/parking_service.pb.go:239.2,239.11 1 0
k071123/internal/services/parking_service/contracts/pkg/proto/parking_service.pb.go:242.42,243.14 1 0
k071123/internal/services/parking_service/contracts/pkg/proto/parking_service.pb.go:243.14,245.3 1 0
k071123/internal/services/parking_service/contracts/pkg/proto/parking_service.pb.go:246.2,246.11 1 0
k071123/internal/services/parking_service/contracts/pkg/proto/parking_service.pb.go:249.38,250.14 1 0
k071123/internal/services/parking_service/contracts/pkg/proto/parking_service.pb.go:250.14,252.3 1 0
k071123/internal/services/parking_service/contracts/pkg/proto/parking_service.pb.go:253.2,253.11 1 0
k071123/internal/services/parking_service/contracts/pkg/proto/parking_service.pb.go:263.44,268.2 4 0
k071123/internal/services/parking_service/contracts/pkg/proto/parking_service.pb.go:270.52,272.2 1 0
k071123/internal/services/parking_service/contracts/pkg/proto/parking_service.pb.go:274.50,274.51 0 0
k071123/internal/services/parking_service/contracts/pkg/proto/parking_service.pb.go:276.72,278.14 2 0
k071123/internal/services/parking_service/contracts/pkg/proto/parking_service.pb.go:278.14,280.34 2 0
k071123/internal/services/parking_service/contracts/pkg/proto/parking_service.pb.go:280.34,282.4 1 0
k071123/internal/services/parking_service/contracts/pkg/proto/parking_service.pb.go:283.3,283.12 1 0
k071123/internal/services/parking_service/contracts/pkg/proto/parking_service.pb.go:285.2,285.24 1 0
k071123/internal/services/parking_service/contracts/pkg/proto/parking_service.pb.go:289.63,291.2 1 0
k071123/internal/services/parking_service/contracts/pkg/proto/parking_service.pb.go:293.60,294.14 1 0
k071123/internal/services/parking_service/contracts/pkg/proto/parking_service.pb.go:294.14,296.3 1 0
k071123/internal/services/parking_service/contracts/pkg/proto/parking_service.pb.go:297.2,297.11 1 0
k071123/internal/services/parking_service/contracts/pkg/proto/parking_service.pb.go:306.45,311.2 4 0
k071123/internal/services/parking_service/contracts/pkg/proto/parking_service.pb.go:313.53,315.2 1 0
k071123/internal/services/parking_service/contracts/pkg/proto/parking_service.pb.go:317.51,317.52 0 0
k071123/internal/services/parking_service/contracts/pkg/proto/parking_service.pb.go:319.73,321.14 2 0
k071123/internal/services/parking_service/contracts/pkg/proto/parking_service.pb.go:321.14,323.34 2 0
k071123/internal/services/parking_service/contracts/pkg/proto/parking_service.pb.go:323.34,325.4 1 0
k071123/internal/services/parking_service/contracts/pkg/proto/parking_service.pb.go:326.3,326.12 1 0
k071123/internal/services/parking_service/contracts/pkg/proto/parking_service.pb.go:328.2,328.24 1 0
k071123/internal/services/parking_service/contracts/pkg/proto/parking_service.pb.go:332.64,334.2 1 0
k071123/internal/services/parking_service/contracts/pkg/proto/parking_service.pb.go:369.54,370.51 1 0
k071123/internal/services/parking_service/contracts/pkg/proto/parking_service.pb.go:370.51,372.3 1 0
k071123/internal/services/parking_service/contracts/pkg/proto/parking_service.pb.go:373.2,373.47 1 0
k071123/internal/services/parking_service/contracts/pkg/proto/parking_service.pb.go:399.13,399.50 1 0
k071123/internal/services/parking_service/contracts/pkg/proto/parking_service.pb.go:400.40,401.39 1 0
k071123/internal/services/parking_service/contracts/pkg/proto/parking_service.pb.go:401.39,403.3 1 0
k071123/internal/services/parking_service/contracts/pkg/proto/parking_service.pb.go:404.2,420.42 5 0
k071123/internal/services/parking_service/contracts/pkg/proto/parking_service_grpc.pb.go:33.66,35.2 1 0
k071123/internal/services/parking_service/contracts/pkg/proto/parking_service_grpc.pb.go:37.123,40.16 3 0
k071123/internal/services/parking_service/contracts/pkg/proto/parking_service_grpc.pb.go:40.16,42.3 1 0
k071123/internal/services/parking_service/contracts/pkg/proto/parking_service_grpc.pb.go:43.2,43.17 1 0
k071123/internal/services/parking_service/contracts/pkg/proto/parking_service_grpc.pb.go:46.155,49.16 3 0
k071123/internal/services/parking_service/contracts/pkg/proto/parking_service_grpc.pb.go:49.16,51.3 1 0
k071123/internal/services/parking_service/contracts/pkg/proto/parking_service_grpc.pb.go:52.2,52.17 1 0
k071123/internal/services/parking_service/contracts/pkg/proto/parking_service_grpc.pb.go:68.101,70.2 1 0
k071123/internal/services/parking_service/contracts/pkg/proto/parking_service_grpc.pb.go:71.133,73.2 1 0
k071123/internal/services/parking_service/contracts/pkg/proto/parking_service_grpc.pb.go:74.74,74.75 0 0
k071123/internal/services/parking_service/contracts/pkg/proto/parking_service_grpc.pb.go:83.72,85.2 1 0
k071123/internal/services/parking_service/contracts/pkg/proto/parking_service_grpc.pb.go:87.162,89.32 2 0
k071123/internal/services/parking_service/contracts/pkg/proto/parking_service_grpc.pb.go:89.32,91.3 1 0
k071123/internal/services/parking_service/contracts/pkg/proto/parking_service_grpc.pb.go:92.2,92.24 1 0
k071123/internal/services/parking_service/contracts/pkg/proto/parking_service_grpc.pb.go:92.24,94.3 1 0
k071123/internal/services/parking_service/contracts/pkg/proto/parking_service_grpc.pb.go:95.2,99.77 2 0
k071123/internal/services/parking_service/contracts/pkg/proto/parking_service_grpc.pb.go:99.77,101.3 1 0
k071123/internal/services/parking_service/contracts/pkg/proto/parking_service_grpc.pb.go:102.2,102.44 1 0
k071123/internal/services/parking_service/contracts/pkg/proto/parking_service_grpc.pb.go:105.170,107.32 2 0
k071123/internal/services/parking_service/contracts/pkg/proto/parking_service_grpc.pb.go:107.32,109.3 1 0
k071123/internal/services/parking_service/contracts/pkg/proto/parking_service_grpc.pb.go:110.2,110.24 1 0
k071123/internal/services/parking_service/contracts/pkg/proto/parking_service_grpc.pb.go:110.24,112.3 1 0
k071123/internal/services/parking_service/contracts/pkg/proto/parking_service_grpc.pb.go:113.2,117.77 2 0
k071123/internal/services/parking_service/contracts/pkg/proto/parking_service_grpc.pb.go:117.77,119.3 1 0
k071123/internal/services/parking_service/contracts/pkg/proto/parking_service_grpc.pb.go:120.2,120.44 1 0
k071123/internal/services/parking_service/core/context.go:21.46,23.2 1 0
k071123/internal/services/parking_service/core/context.go:25.39,27.2 1 0
k071123/internal/services/parking_service/core/context.go:29.42,31.2 1 0
k071123/internal/services/parking_service/core/context.go:33.46,35.2 1 0
k071123/internal/services/parking_service/core/context.go:37.37,42.2 1 0
k071123/internal/services/parking_service/core/context.go:44.21,55.16 3 0
k071123/internal/services/parking_service/core/context.go:55.16,56.13 1 0
k071123/internal/services/parking_service/core/context.go:59.2,66.16 2 0
k071123/internal/services/parking_service/core/context.go:66.16,67.35 1 0
k071123/internal/services/parking_service/core/context.go:70.2,76.3 1 0
k071123/internal/services/parking_service/core/di.go:23.18,28.16 4 0
k071123/internal/services/parking_service/core/di.go:28.16,29.13 1 0
k071123/internal/services/parking_service/core/di.go:32.2,33.16 2 0
k071123/internal/services/parking_service/core/di.go:33.16,34.13 1 0
k071123/internal/services/parking_service/core/di.go:37.2,38.16 2 0
k071123/internal/services/parking_service/core/di.go:38.16,39.13 1 0
k071123/internal/services/parking_service/core/di.go:42.2,64.3 3 0
k071123/internal/services/parking_service/core/gprc_notification_client.go:19.67,27.16 6 0
k071123/internal/services/parking_service/core/gprc_notification_client.go:27.16,29.3 1 0
k071123/internal/services/parking_service/core/gprc_notification_client.go:30.2,30.18 1 0
k071123/internal/services/parking_service/core/gprc_notification_client.go:33.72,35.35 2 0
k071123/internal/services/parking_service/core/gprc_notification_client.go:35.35,37.17 2 0
k071123/internal/services/parking_service/core/gprc_notification_client.go:37.17,39.4 1 0
k071123/internal/services/parking_service/core/gprc_notification_client.go:40.3,41.63 2 0
k071123/internal/services/parking_service/core/gprc_notification_client.go:43.2,43.32 1 0
k071123/internal/services/parking_service/core/grpc_order_client.go:19.60,27.16 6 0
k071123/internal/services/parking_service/core/grpc_order_client.go:27.16,29.3 1 0
k071123/internal/services/parking_service/core/grpc_order_client.go:30.2,30.18 1 0
k071123/internal/services/parking_service/core/grpc_order_client.go:33.58,35.28 2 0
k071123/internal/services/parking_service/core/grpc_order_client.go:35.28,37.17 2 0
k071123/internal/services/parking_service/core/grpc_order_client.go:37.17,39.4 1 0
k071123/internal/services/parking_service/core/grpc_order_client.go:40.3,41.56 2 0
k071123/internal/services/parking_service/core/grpc_order_client.go:43.2,43.25 1 0
k071123/internal/services/parking_service/core/grpc_server.go:18.34,23.16 4 0
k071123/internal/services/parking_service/core/grpc_server.go:23.16,24.44 1 0
k071123/internal/services/parking_service/core/grpc_server.go:27.2,36.3 5 0
k071123/internal/services/parking_service/core/grpc_server.go:39.31,40.57 1 0
k071123/internal/services/parking_service/core/grpc_server.go:40.57,41.43 1 0
k071123/internal/services/parking_service/core/grpc_user_client.go:19.59,27.16 6 0
k071123/internal/services/parking_service/core/grpc_user_client.go:27.16,29.3 1 0
k071123/internal/services/parking_service/core/grpc_user_client.go:30.2,30.18 1 0
k071123/internal/services/parking_service/core/grpc_user_client.go:33.56,35.27 2 0
k071123/internal/services/parking_service/core/grpc_user_client.go:35.27,37.17 2 0
k071123/internal/services/parking_service/core/grpc_user_client.go:37.17,39.4 1 0
k071123/internal/services/parking_service/core/grpc_user_client.go:40.3,41.55 2 0
k071123/internal/services/parking_service/core/grpc_user_client.go:43.2,43.24 1 0
k071123/internal/services/parking_service/core/server.go:23.29,50.35 9 0
k071123/internal/services/parking_service/core/server.go:50.35,53.3 2 0
k071123/internal/services/parking_service/core/server.go:55.2,58.3 1 0
k071123/internal/services/parking_service/core/server.go:61.30,66.16 4 0
k071123/internal/services/parking_service/core/server.go:66.16,67.47 1 0
k071123/internal/services/parking_service/core/server.go:71.39,73.2 1 0
k071123/internal/services/parking_service/delivery/grpc/handlers.go:17.78,22.2 1 0
k071123/internal/services/parking_service/delivery/grpc/handlers.go:24.107,29.16 2 0
k071123/internal/services/parking_service/delivery/grpc/handlers.go:29.16,31.3 1 0
k071123/internal/services/parking_service/delivery/grpc/handlers.go:32.2,39.8 1 0
k071123/internal/services/parking_service/delivery/http/parking.go:19.120,25.2 1 0
k071123/internal/services/parking_service/delivery/http/parking.go:27.96,31.2 1 0
k071123/internal/services/parking_service/delivery/http/parking.go:46.69,49.46 3 0
k071123/internal/services/parking_service/delivery/http/parking.go:49.46,52.3 2 0
k071123/internal/services/parking_service/delivery/http/parking.go:54.2,55.16 2 0
k071123/internal/services/parking_service/delivery/http/parking.go:55.16,57.3 1 0
k071123/internal/services/parking_service/delivery/http/parking.go:59.2,59.57 1 0
k071123/internal/services/parking_service/delivery/http/routers.go:15.47,30.2 11 0
k071123/internal/services/parking_service/delivery/http/session.go:30.19,38.2 1 0
k071123/internal/services/parking_service/delivery/http/session.go:40.96,47.2 2 0
k071123/internal/services/parking_service/delivery/http/session.go:62.68,65.46 3 0
k071123/internal/services/parking_service/delivery/http/session.go:65.46,68.3 2 0
k071123/internal/services/parking_service/delivery/http/session.go:70.2,71.16 2 0
k071123/internal/services/parking_service/delivery/http/session.go:71.16,74.3 2 0
k071123/internal/services/parking_service/delivery/http/session.go:76.2,78.16 3 0
k071123/internal/services/parking_service/delivery/http/session.go:78.16,80.3 1 0
k071123/internal/services/parking_service/delivery/http/session.go:82.2,82.57 1 0
k071123/internal/services/parking_service/delivery/http/session.go:98.69,100.46 2 0
k071123/internal/services/parking_service/delivery/http/session.go:100.46,102.3 1 0
k071123/internal/services/parking_service/delivery/http/session.go:104.2,105.16 2 0
k071123/internal/services/parking_service/delivery/http/session.go:105.16,108.3 2 0
k071123/internal/services/parking_service/delivery/http/session.go:109.2,112.16 4 0
k071123/internal/services/parking_service/delivery/http/session.go:112.16,114.3 1 0
k071123/internal/services/parking_service/delivery/http/session.go:116.2,116.57 1 0
k071123/internal/services/parking_service/delivery/http/tariff.go:19.96,24.2 1 0
k071123/internal/services/parking_service/delivery/http/tariff.go:26.94,30.2 1 0
k071123/internal/services/parking_service/delivery/http/tariff.go:45.67,47.46 2 0
k071123/internal/services/parking_service/delivery/http/tariff.go:47.46,49.3 1 0
k071123/internal/services/parking_service/delivery/http/tariff.go:51.2,52.16 2 0
k071123/internal/services/parking_service/delivery/http/tariff.go:52.16,54.3 1 0
k071123/internal/services/parking_service/delivery/http/tariff.go:56.2,56.57 1 0
k071123/internal/services/parking_service/delivery/http/unit.go:17.88,22.2 1 0
k071123/internal/services/parking_service/delivery/http/unit.go:24.90,28.2 1 0
k071123/internal/services/parking_service/delivery/http/unit.go:43.63,45.46 2 0
k071123/internal/services/parking_service/delivery/http/unit.go:45.46,47.3 1 0
k071123/internal/services/parking_service/delivery/http/unit.go:49.2,50.16 2 0
k071123/internal/services/parking_service/delivery/http/unit.go:50.16,52.3 1 0
k071123/internal/services/parking_service/delivery/http/unit.go:54.2,54.57 1 0
k071123/internal/services/parking_service/domain/cases/car/case.go:17.52,19.2 1 0
k071123/internal/services/parking_service/domain/cases/car/case.go:21.96,24.40 3 0
k071123/internal/services/parking_service/domain/cases/car/case.go:24.40,27.3 2 0
k071123/internal/services/parking_service/domain/cases/car/case.go:29.2,35.69 2 0
k071123/internal/services/parking_service/domain/cases/car/case.go:35.69,38.3 2 0
k071123/internal/services/parking_service/domain/cases/car/case.go:39.2,41.18 2 0
k071123/internal/services/parking_service/domain/cases/parking/case.go:18.60,20.2 1 0
k071123/internal/services/parking_service/domain/cases/parking/case.go:22.112,24.40 2 0
k071123/internal/services/parking_service/domain/cases/parking/case.go:24.40,27.3 2 0
k071123/internal/services/parking_service/domain/cases/parking/case.go:29.2,30.16 2 0
k071123/internal/services/parking_service/domain/cases/parking/case.go:30.16,33.3 2 0
k071123/internal/services/parking_service/domain/cases/parking/case.go:34.2,47.45 4 0
k071123/internal/services/parking_service/domain/cases/parking/case.go:47.45,50.3 2 0
k071123/internal/services/parking_service/domain/cases/parking/case.go:51.2,53.50 2 0
k071123/internal/services/parking_service/domain/cases/parking/case.go:53.50,67.59 3 0
k071123/internal/services/parking_service/domain/cases/parking/case.go:67.59,70.4 2 0
k071123/internal/services/parking_service/domain/cases/parking/case.go:72.2,72.28 1 0
k071123/internal/services/parking_service/domain/cases/parking/case.go:72.28,74.17 2 0
k071123/internal/services/parking_service/domain/cases/parking/case.go:74.17,77.4 2 0
k071123/internal/services/parking_service/domain/cases/parking/case.go:78.3,78.35 1 0
k071123/internal/services/parking_service/domain/cases/parking/case.go:81.2,81.60 1 0
k071123/internal/services/parking_service/domain/cases/parking/case.go:81.60,84.3 2 0
k071123/internal/services/parking_service/domain/cases/parking/case.go:85.2,88.16 3 0
k071123/internal/services/parking_service/domain/cases/parking/case.go:88.16,90.3 1 0
k071123/internal/services/parking_service/domain/cases/parking/case.go:92.2,92.18 1 0
k071123/internal/services/parking_service/domain/cases/parking/helpers.go:9.108,11.44 2 0
k071123/internal/services/parking_service/domain/cases/parking/helpers.go:11.44,13.3 1 0
k071123/internal/services/parking_service/domain/cases/parking/helpers.go:15.2,21.3 1 0
k071123/internal/services/parking_service/domain/cases/session/case.go:30.19,32.2 1 0
k071123/internal/services/parking_service/domain/cases/session/case.go:36.124,40.16 3 0
k071123/internal/services/parking_service/domain/cases/session/case.go:40.16,43.3 2 0
k071123/internal/services/parking_service/domain/cases/session/case.go:44.2,49.16 3 0
k071123/internal/services/parking_service/domain/cases/session/case.go:49.16,52.3 2 0
k071123/internal/services/parking_service/domain/cases/session/case.go:53.2,53.26 1 0
k071123/internal/services/parking_service/domain/cases/session/case.go:53.26,55.3 1 0
k071123/internal/services/parking_service/domain/cases/session/case.go:57.2,58.16 2 0
k071123/internal/services/parking_service/domain/cases/session/case.go:58.16,60.3 1 0
k071123/internal/services/parking_service/domain/cases/session/case.go:61.2,61.29 1 0
k071123/internal/services/parking_service/domain/cases/session/case.go:61.29,63.3 1 0
k071123/internal/services/parking_service/domain/cases/session/case.go:64.2,65.16 2 0
k071123/internal/services/parking_service/domain/cases/session/case.go:65.16,67.3 1 0
k071123/internal/services/parking_service/domain/cases/session/case.go:69.2,73.16 3 0
k071123/internal/services/parking_service/domain/cases/session/case.go:73.16,75.3 1 0
k071123/internal/services/parking_service/domain/cases/session/case.go:76.2,76.24 1 0
k071123/internal/services/parking_service/domain/cases/session/case.go:76.24,79.3 2 0
k071123/internal/services/parking_service/domain/cases/session/case.go:81.2,82.16 2 0
k071123/internal/services/parking_service/domain/cases/session/case.go:82.16,84.3 1 0
k071123/internal/services/parking_service/domain/cases/session/case.go:86.2,93.60 2 0
k071123/internal/services/parking_service/domain/cases/session/case.go:93.60,95.3 1 0
k071123/internal/services/parking_service/domain/cases/session/case.go:96.2,96.36 1 0
k071123/internal/services/parking_service/domain/cases/session/case.go:96.36,99.3 2 0
k071123/internal/services/parking_service/domain/cases/session/case.go:100.2,101.18 2 0
k071123/internal/services/parking_service/domain/cases/session/case.go:104.131,107.16 3 0
k071123/internal/services/parking_service/domain/cases/session/case.go:107.16,110.3 2 0
k071123/internal/services/parking_service/domain/cases/session/case.go:111.2,120.17 6 0
k071123/internal/services/parking_service/domain/cases/session/case.go:120.17,123.3 2 0
k071123/internal/services/parking_service/domain/cases/session/case.go:125.2,126.16 2 0
k071123/internal/services/parking_service/domain/cases/session/case.go:126.16,128.3 1 0
k071123/internal/services/parking_service/domain/cases/session/case.go:130.2,131.16 2 0
k071123/internal/services/parking_service/domain/cases/session/case.go:131.16,133.3 1 0
k071123/internal/services/parking_service/domain/cases/session/case.go:136.2,138.16 3 0
k071123/internal/services/parking_service/domain/cases/session/case.go:138.16,140.3 1 0
k071123/internal/services/parking_service/domain/cases/session/case.go:141.2,141.24 1 0
k071123/internal/services/parking_service/domain/cases/session/case.go:141.24,143.3 1 0
k071123/internal/services/parking_service/domain/cases/session/case.go:145.2,147.16 3 0
k071123/internal/services/parking_service/domain/cases/session/case.go:147.16,149.3 1 0
k071123/internal/services/parking_service/domain/cases/session/case.go:151.2,152.16 2 0
k071123/internal/services/parking_service/domain/cases/session/case.go:152.16,154.3 1 0
k071123/internal/services/parking_service/domain/cases/session/case.go:156.2,157.15 2 0
k071123/internal/services/parking_service/domain/cases/session/case.go:157.15,159.3 1 0
k071123/internal/services/parking_service/domain/cases/session/case.go:161.2,162.16 2 0
k071123/internal/services/parking_service/domain/cases/session/case.go:162.16,164.3 1 0
k071123/internal/services/parking_service/domain/cases/session/case.go:166.2,166.28 1 0
k071123/internal/services/parking_service/domain/cases/session/case.go:167.22,171.17 2 0
k071123/internal/services/parking_service/domain/cases/session/case.go:171.17,173.4 1 0
k071123/internal/services/parking_service/domain/cases/session/case.go:174.3,174.27 1 0
k071123/internal/services/parking_service/domain/cases/session/case.go:174.27,176.4 1 0
k071123/internal/services/parking_service/domain/cases/session/case.go:178.3,186.17 2 0
k071123/internal/services/parking_service/domain/cases/session/case.go:186.17,188.4 1 0
k071123/internal/services/parking_service/domain/cases/session/case.go:190.3,190.48 1 0
k071123/internal/services/parking_service/domain/cases/session/case.go:190.48,192.4 1 0
k071123/internal/services/parking_service/domain/cases/session/case.go:195.2,201.77 3 0
k071123/internal/services/parking_service/domain/cases/session/case.go:201.77,203.3 1 0
k071123/internal/services/parking_service/domain/cases/session/case.go:204.2,204.36 1 0
k071123/internal/services/parking_service/domain/cases/session/case.go:204.36,206.3 1 0
k071123/internal/services/parking_service/domain/cases/session/case.go:210.2,215.16 2 0
k071123/internal/services/parking_service/domain/cases/session/case.go:215.16,217.3 1 0
k071123/internal/services/parking_service/domain/cases/session/case.go:218.2,220.18 2 0
k071123/internal/services/parking_service/domain/cases/session/case.go:223.80,226.16 3 0
k071123/internal/services/parking_service/domain/cases/session/case.go:226.16,228.3 1 0
k071123/internal/services/parking_service/domain/cases/session/case.go:230.2,230.20 1 0
k071123/internal/services/parking_service/domain/cases/session/case.go:230.20,232.3 1 0
k071123/internal/services/parking_service/domain/cases/session/case.go:233.2,235.98 3 0
k071123/internal/services/parking_service/domain/cases/session/case.go:235.98,237.3 1 0
k071123/internal/services/parking_service/domain/cases/session/case.go:239.2,239.12 1 0
k071123/internal/services/parking_service/domain/cases/tariff/case.go:18.58,20.2 1 0
k071123/internal/services/parking_service/domain/cases/tariff/case.go:22.108,33.25 3 0
k071123/internal/services/parking_service/domain/cases/tariff/case.go:33.25,35.3 1 0
k071123/internal/services/parking_service/domain/cases/tariff/case.go:36.2,36.26 1 0
k071123/internal/services/parking_service/domain/cases/tariff/case.go:36.26,38.3 1 0
k071123/internal/services/parking_service/domain/cases/tariff/case.go:40.2,40.75 1 0
k071123/internal/services/parking_service/domain/cases/tariff/case.go:40.75,43.3 2 0
k071123/internal/services/parking_service/domain/cases/tariff/case.go:44.2,45.18 2 0
k071123/internal/services/parking_service/domain/cases/tariff/case.go:48.90,51.27 3 0
k071123/internal/services/parking_service/domain/cases/tariff/case.go:51.27,53.53 1 0
k071123/internal/services/parking_service/domain/cases/tariff/case.go:53.53,55.4 1 0
k071123/internal/services/parking_service/domain/cases/tariff/case.go:58.2,58.65 1 0
k071123/internal/services/parking_service/domain/cases/tariff/case.go:58.65,61.3 2 0
k071123/internal/services/parking_service/domain/cases/tariff/case.go:63.2,64.67 2 0
k071123/internal/services/parking_service/domain/cases/tariff/case.go:64.67,67.3 2 0
k071123/internal/services/parking_service/domain/cases/tariff/case.go:69.2,70.67 2 0
k071123/internal/services/parking_service/domain/cases/tariff/case.go:70.67,73.3 2 0
k071123/internal/services/parking_service/domain/cases/tariff/case.go:75.2,75.40 1 0
k071123/internal/services/parking_service/domain/cases/tariff/case.go:75.40,76.29 1 0
k071123/internal/services/parking_service/domain/cases/tariff/case.go:76.29,79.4 2 0
k071123/internal/services/parking_service/domain/cases/tariff/case.go:80.3,81.19 2 0
k071123/internal/services/parking_service/domain/cases/tariff/case.go:83.2,83.15 1 0
k071123/internal/services/parking_service/domain/cases/unit/case.go:18.54,20.2 1 0
k071123/internal/services/parking_service/domain/cases/unit/case.go:22.100,24.40 2 0
k071123/internal/services/parking_service/domain/cases/unit/case.go:24.40,27.3 2 0
k071123/internal/services/parking_service/domain/cases/unit/case.go:28.2,34.22 2 0
k071123/internal/services/parking_service/domain/cases/unit/case.go:34.22,36.3 1 0
k071123/internal/services/parking_service/domain/cases/unit/case.go:37.2,37.24 1 0
k071123/internal/services/parking_service/domain/cases/unit/case.go:37.24,39.3 1 0
k071123/internal/services/parking_service/domain/cases/unit/case.go:40.2,40.29 1 0
k071123/internal/services/parking_service/domain/cases/unit/case.go:40.29,42.3 1 0
k071123/internal/services/parking_service/domain/cases/unit/case.go:44.2,44.71 1 0
k071123/internal/services/parking_service/domain/cases/unit/case.go:44.71,47.3 2 0
k071123/internal/services/parking_service/domain/cases/unit/case.go:49.2,51.18 2 0
k071123/internal/services/parking_service/domain/cases/unit/case.go:54.102,56.27 2 0
k071123/internal/services/parking_service/domain/cases/unit/case.go:56.27,59.3 2 0
k071123/internal/services/parking_service/domain/cases/unit/case.go:61.2,62.16 2 0
k071123/internal/services/parking_service/domain/cases/unit/case.go:62.16,65.3 2 0
k071123/internal/services/parking_service/domain/cases/unit/case.go:66.2,67.18 2 0
k071123/internal/services/parking_service/domain/mocks/connection_mock.go:74.59,77.55 2 0
k071123/internal/services/parking_service/domain/mocks/connection_mock.go:77.55,79.3 1 0
k071123/internal/services/parking_service/domain/mocks/connection_mock.go:81.2,97.10 9 0
k071123/internal/services/parking_service/domain/mocks/connection_mock.go:130.71,133.2 2 0
k071123/internal/services/parking_service/domain/mocks/connection_mock.go:136.69,137.35 1 0
k071123/internal/services/parking_service/domain/mocks/connection_mock.go:137.35,139.3 1 0
k071123/internal/services/parking_service/domain/mocks/connection_mock.go:141.2,141.39 1 0
k071123/internal/services/parking_service/domain/mocks/connection_mock.go:141.39,143.3 1 0
k071123/internal/services/parking_service/domain/mocks/connection_mock.go:145.2,145.16 1 0
k071123/internal/services/parking_service/domain/mocks/connection_mock.go:149.78,150.42 1 0
k071123/internal/services/parking_service/domain/mocks/connection_mock.go:150.42,152.3 1 0
k071123/internal/services/parking_service/domain/mocks/connection_mock.go:154.2,156.16 2 0
k071123/internal/services/parking_service/domain/mocks/connection_mock.go:160.110,161.35 1 0
k071123/internal/services/parking_service/domain/mocks/connection_mock.go:161.35,163.3 1 0
k071123/internal/services/parking_service/domain/mocks/connection_mock.go:165.2,165.39 1 0
k071123/internal/services/parking_service/domain/mocks/connection_mock.go:165.39,167.3 1 0
k071123/internal/services/parking_service/domain/mocks/connection_mock.go:168.2,170.21 3 0
k071123/internal/services/parking_service/domain/mocks/connection_mock.go:174.118,175.39 1 0
k071123/internal/services/parking_service/domain/mocks/connection_mock.go:175.39,177.3 1 0
k071123/internal/services/parking_service/domain/mocks/connection_mock.go:179.2,179.35 1 0
k071123/internal/services/parking_service/domain/mocks/connection_mock.go:179.35,181.3 1 0
k071123/internal/services/parking_service/domain/mocks/connection_mock.go:183.2,185.21 3 0
k071123/internal/services/parking_service/domain/mocks/connection_mock.go:189.76,190.12 1 0
k071123/internal/services/parking_service/domain/mocks/connection_mock.go:190.12,192.3 1 0
k071123/internal/services/parking_service/domain/mocks/connection_mock.go:193.2,195.16 3 0
k071123/internal/services/parking_service/domain/mocks/connection_mock.go:198.61,199.106 1 0
k071123/internal/services/parking_service/domain/mocks/connection_mock.go:199.106,201.3 1 0
k071123/internal/services/parking_service/domain/mocks/connection_mock.go:203.2,206.102 3 0
k071123/internal/services/parking_service/domain/mocks/connection_mock.go:210.90,216.37 4 0
k071123/internal/services/parking_service/domain/mocks/connection_mock.go:216.37,218.3 1 0
k071123/internal/services/parking_service/domain/mocks/connection_mock.go:220.2,220.49 1 0
k071123/internal/services/parking_service/domain/mocks/connection_mock.go:220.49,224.24 3 0
k071123/internal/services/parking_service/domain/mocks/connection_mock.go:224.24,226.4 1 0
k071123/internal/services/parking_service/domain/mocks/connection_mock.go:227.3,227.45 1 0
k071123/internal/services/parking_service/domain/mocks/connection_mock.go:229.2,229.30 1 0
k071123/internal/services/parking_service/domain/mocks/connection_mock.go:229.30,231.3 1 0
k071123/internal/services/parking_service/domain/mocks/connection_mock.go:232.2,233.8 2 0
k071123/internal/services/parking_service/domain/mocks/connection_mock.go:237.59,239.2 1 0
k071123/internal/services/parking_service/domain/mocks/connection_mock.go:242.60,244.2 1 0
k071123/internal/services/parking_service/domain/mocks/connection_mock.go:248.51,249.26 1 0
k071123/internal/services/parking_service/domain/mocks/connection_mock.go:249.26,252.3 1 0
k071123/internal/services/parking_service/domain/mocks/connection_mock.go:254.2,254.45 1 0
k071123/internal/services/parking_service/domain/mocks/connection_mock.go:254.45,255.43 1 0
k071123/internal/services/parking_service/domain/mocks/connection_mock.go:255.43,257.4 1 0
k071123/internal/services/parking_service/domain/mocks/connection_mock.go:260.2,260.38 1 0
k071123/internal/services/parking_service/domain/mocks/connection_mock.go:264.49,265.45 1 0
k071123/internal/services/parking_service/domain/mocks/connection_mock.go:265.45,266.43 1 0
k071123/internal/services/parking_service/domain/mocks/connection_mock.go:266.43,268.4 1 0
k071123/internal/services/parking_service/domain/mocks/connection_mock.go:271.2,273.68 2 0
k071123/internal/services/parking_service/domain/mocks/connection_mock.go:273.68,275.3 1 0
k071123/internal/services/parking_service/domain/mocks/connection_mock.go:277.2,277.49 1 0
k071123/internal/services/parking_service/domain/mocks/connection_mock.go:277.49,279.3 1 0
k071123/internal/services/parking_service/domain/mocks/connection_mock.go:281.2,281.61 1 0
k071123/internal/services/parking_service/domain/mocks/connection_mock.go:281.61,284.3 1 0
k071123/internal/services/parking_service/domain/mocks/connection_mock.go:316.95,319.2 2 0
k071123/internal/services/parking_service/domain/mocks/connection_mock.go:322.93,323.51 1 0
k071123/internal/services/parking_service/domain/mocks/connection_mock.go:323.51,325.3 1 0
k071123/internal/services/parking_service/domain/mocks/connection_mock.go:327.2,327.47 1 0
k071123/internal/services/parking_service/domain/mocks/connection_mock.go:327.47,329.3 1 0
k071123/internal/services/parking_service/domain/mocks/connection_mock.go:331.2,331.24 1 0
k071123/internal/services/parking_service/domain/mocks/connection_mock.go:335.102,336.58 1 0
k071123/internal/services/parking_service/domain/mocks/connection_mock.go:336.58,338.3 1 0
k071123/internal/services/parking_service/domain/mocks/connection_mock.go:340.2,342.24 2 0
k071123/internal/services/parking_service/domain/mocks/connection_mock.go:346.108,347.51 1 0
k071123/internal/services/parking_service/domain/mocks/connection_mock.go:347.51,349.3 1 0
k071123/internal/services/parking_service/domain/mocks/connection_mock.go:351.2,351.47 1 0
k071123/internal/services/parking_service/domain/mocks/connection_mock.go:351.47,353.3 1 0
k071123/internal/services/parking_service/domain/mocks/connection_mock.go:354.2,356.29 3 0
k071123/internal/services/parking_service/domain/mocks/connection_mock.go:360.116,361.47 1 0
k071123/internal/services/parking_service/domain/mocks/connection_mock.go:361.47,363.3 1 0
k071123/internal/services/parking_service/domain/mocks/connection_mock.go:365.2,365.43 1 0
k071123/internal/services/parking_service/domain/mocks/connection_mock.go:365.43,367.3 1 0
k071123/internal/services/parking_service/domain/mocks/connection_mock.go:369.2,371.29 3 0
k071123/internal/services/parking_service/domain/mocks/connection_mock.go:375.100,376.12 1 0
k071123/internal/services/parking_service/domain/mocks/connection_mock.go:376.12,378.3 1 0
k071123/internal/services/parking_service/domain/mocks/connection_mock.go:379.2,381.24 3 0
k071123/internal/services/parking_service/domain/mocks/connection_mock.go:384.77,385.138 1 0
k071123/internal/services/parking_service/domain/mocks/connection_mock.go:385.138,387.3 1 0
k071123/internal/services/parking_service/domain/mocks/connection_mock.go:389.2,392.102 3 0
k071123/internal/services/parking_service/domain/mocks/connection_mock.go:396.88,402.53 4 0
k071123/internal/services/parking_service/domain/mocks/connection_mock.go:402.53,404.3 1 0
k071123/internal/services/parking_service/domain/mocks/connection_mock.go:406.2,406.65 1 0
k071123/internal/services/parking_service/domain/mocks/connection_mock.go:406.65,410.24 3 0
k071123/internal/services/parking_service/domain/mocks/connection_mock.go:410.24,412.4 1 0
k071123/internal/services/parking_service/domain/mocks/connection_mock.go:413.3,413.26 1 0
k071123/internal/services/parking_service/domain/mocks/connection_mock.go:415.2,415.46 1 0
k071123/internal/services/parking_service/domain/mocks/connection_mock.go:415.46,417.3 1 0
k071123/internal/services/parking_service/domain/mocks/connection_mock.go:418.2,419.8 2 0
k071123/internal/services/parking_service/domain/mocks/connection_mock.go:423.75,425.2 1 0
k071123/internal/services/parking_service/domain/mocks/connection_mock.go:428.76,430.2 1 0
k071123/internal/services/parking_service/domain/mocks/connection_mock.go:434.59,435.34 1 0
k071123/internal/services/parking_service/domain/mocks/connection_mock.go:435.34,438.3 1 0
k071123/internal/services/parking_service/domain/mocks/connection_mock.go:440.2,440.53 1 0
k071123/internal/services/parking_service/domain/mocks/connection_mock.go:440.53,441.43 1 0
k071123/internal/services/parking_service/domain/mocks/connection_mock.go:441.43,443.4 1 0
k071123/internal/services/parking_service/domain/mocks/connection_mock.go:446.2,446.46 1 0
k071123/internal/services/parking_service/domain/mocks/connection_mock.go:450.57,451.53 1 0
k071123/internal/services/parking_service/domain/mocks/connection_mock.go:451.53,452.43 1 0
k071123/internal/services/parking_service/domain/mocks/connection_mock.go:452.43,454.4 1 0
k071123/internal/services/parking_service/domain/mocks/connection_mock.go:457.2,459.84 2 0
k071123/internal/services/parking_service/domain/mocks/connection_mock.go:459.84,461.3 1 0
k071123/internal/services/parking_service/domain/mocks/connection_mock.go:463.2,463.65 1 0
k071123/internal/services/parking_service/domain/mocks/connection_mock.go:463.65,465.3 1 0
k071123/internal/services/parking_service/domain/mocks/connection_mock.go:467.2,467.77 1 0
k071123/internal/services/parking_service/domain/mocks/connection_mock.go:467.77,470.3 1 0
k071123/internal/services/parking_service/domain/mocks/connection_mock.go:502.62,505.2 2 0
k071123/internal/services/parking_service/domain/mocks/connection_mock.go:508.60,509.29 1 0
k071123/internal/services/parking_service/domain/mocks/connection_mock.go:509.29,511.3 1 0
k071123/internal/services/parking_service/domain/mocks/connection_mock.go:513.2,513.36 1 0
k071123/internal/services/parking_service/domain/mocks/connection_mock.go:513.36,515.3 1 0
k071123/internal/services/parking_service/domain/mocks/connection_mock.go:517.2,517.13 1 0
k071123/internal/services/parking_service/domain/mocks/connection_mock.go:521.69,522.36 1 0
k071123/internal/services/parking_service/domain/mocks/connection_mock.go:522.36,524.3 1 0
k071123/internal/services/parking_service/domain/mocks/connection_mock.go:526.2,528.13 2 0
k071123/internal/services/parking_service/domain/mocks/connection_mock.go:532.69,533.29 1 0
k071123/internal/services/parking_service/domain/mocks/connection_mock.go:533.29,535.3 1 0
k071123/internal/services/parking_service/domain/mocks/connection_mock.go:537.2,537.36 1 0
k071123/internal/services/parking_service/domain/mocks/connection_mock.go:537.36,539.3 1 0
k071123/internal/services/parking_service/domain/mocks/connection_mock.go:540.2,542.18 3 0
k071123/internal/services/parking_service/domain/mocks/connection_mock.go:546.77,547.36 1 0
k071123/internal/services/parking_service/domain/mocks/connection_mock.go:547.36,549.3 1 0
k071123/internal/services/parking_service/domain/mocks/connection_mock.go:551.2,551.32 1 0
k071123/internal/services/parking_service/domain/mocks/connection_mock.go:551.32,553.3 1 0
k071123/internal/services/parking_service/domain/mocks/connection_mock.go:555.2,557.18 3 0
k071123/internal/services/parking_service/domain/mocks/connection_mock.go:561.67,562.12 1 0
k071123/internal/services/parking_service/domain/mocks/connection_mock.go:562.12,564.3 1 0
k071123/internal/services/parking_service/domain/mocks/connection_mock.go:565.2,567.13 3 0
k071123/internal/services/parking_service/domain/mocks/connection_mock.go:570.55,571.94 1 0
k071123/internal/services/parking_service/domain/mocks/connection_mock.go:571.94,573.3 1 0
k071123/internal/services/parking_service/domain/mocks/connection_mock.go:575.2,578.102 3 0
k071123/internal/services/parking_service/domain/mocks/connection_mock.go:582.49,588.31 4 0
k071123/internal/services/parking_service/domain/mocks/connection_mock.go:588.31,590.3 1 0
k071123/internal/services/parking_service/domain/mocks/connection_mock.go:592.2,592.43 1 0
k071123/internal/services/parking_service/domain/mocks/connection_mock.go:592.43,596.24 3 0
k071123/internal/services/parking_service/domain/mocks/connection_mock.go:596.24,598.4 1 0
k071123/internal/services/parking_service/domain/mocks/connection_mock.go:599.3,599.27 1 0
k071123/internal/services/parking_service/domain/mocks/connection_mock.go:601.2,601.24 1 0
k071123/internal/services/parking_service/domain/mocks/connection_mock.go:601.24,603.3 1 0
k071123/internal/services/parking_service/domain/mocks/connection_mock.go:604.2,605.8 2 0
k071123/internal/services/parking_service/domain/mocks/connection_mock.go:609.53,611.2 1 0
k071123/internal/services/parking_service/domain/mocks/connection_mock.go:614.54,616.2 1 0
k071123/internal/services/parking_service/domain/mocks/connection_mock.go:620.48,621.23 1 0
k071123/internal/services/parking_service/domain/mocks/connection_mock.go:621.23,624.3 1 0
k071123/internal/services/parking_service/domain/mocks/connection_mock.go:626.2,626.42 1 0
k071123/internal/services/parking_service/domain/mocks/connection_mock.go:626.42,627.43 1 0
k071123/internal/services/parking_service/domain/mocks/connection_mock.go:627.43,629.4 1 0
k071123/internal/services/parking_service/domain/mocks/connection_mock.go:632.2,632.35 1 0
k071123/internal/services/parking_service/domain/mocks/connection_mock.go:636.46,637.42 1 0
k071123/internal/services/parking_service/domain/mocks/connection_mock.go:637.42,638.43 1 0
k071123/internal/services/parking_service/domain/mocks/connection_mock.go:638.43,640.4 1 0
k071123/internal/services/parking_service/domain/mocks/connection_mock.go:643.2,645.62 2 0
k071123/internal/services/parking_service/domain/mocks/connection_mock.go:645.62,647.3 1 0
k071123/internal/services/parking_service/domain/mocks/connection_mock.go:649.2,649.43 1 0
k071123/internal/services/parking_service/domain/mocks/connection_mock.go:649.43,651.3 1 0
k071123/internal/services/parking_service/domain/mocks/connection_mock.go:653.2,653.55 1 0
k071123/internal/services/parking_service/domain/mocks/connection_mock.go:653.55,656.3 1 0
k071123/internal/services/parking_service/domain/mocks/connection_mock.go:688.107,691.2 2 0
k071123/internal/services/parking_service/domain/mocks/connection_mock.go:694.105,695.59 1 0
k071123/internal/services/parking_service/domain/mocks/connection_mock.go:695.59,697.3 1 0
k071123/internal/services/parking_service/domain/mocks/connection_mock.go:699.2,699.51 1 0
k071123/internal/services/parking_service/domain/mocks/connection_mock.go:699.51,701.3 1 0
k071123/internal/services/parking_service/domain/mocks/connection_mock.go:703.2,703.28 1 0
k071123/internal/services/parking_service/domain/mocks/connection_mock.go:707.114,708.66 1 0
k071123/internal/services/parking_service/domain/mocks/connection_mock.go:708.66,710.3 1 0
k071123/internal/services/parking_service/domain/mocks/connection_mock.go:712.2,714.28 2 0
k071123/internal/services/parking_service/domain/mocks/connection_mock.go:718.120,719.59 1 0
k071123/internal/services/parking_service/domain/mocks/connection_mock.go:719.59,721.3 1 0
k071123/internal/services/parking_service/domain/mocks/connection_mock.go:723.2,723.51 1 0
k071123/internal/services/parking_service/domain/mocks/connection_mock.go:723.51,725.3 1 0
k071123/internal/services/parking_service/domain/mocks/connection_mock.go:726.2,728.33 3 0
k071123/internal/services/parking_service/domain/mocks/connection_mock.go:732.128,733.51 1 0
k071123/internal/services/parking_service/domain/mocks/connection_mock.go:733.51,735.3 1 0
k071123/internal/services/parking_service/domain/mocks/connection_mock.go:737.2,737.47 1 0
k071123/internal/services/parking_service/domain/mocks/connection_mock.go:737.47,739.3 1 0
k071123/internal/services/parking_service/domain/mocks/connection_mock.go:741.2,743.33 3 0
k071123/internal/services/parking_service/domain/mocks/connection_mock.go:747.112,748.12 1 0
k071123/internal/services/parking_service/domain/mocks/connection_mock.go:748.12,750.3 1 0
k071123/internal/services/parking_service/domain/mocks/connection_mock.go:751.2,753.28 3 0
k071123/internal/services/parking_service/domain/mocks/connection_mock.go:756.85,757.154 1 0
k071123/internal/services/parking_service/domain/mocks/connection_mock.go:757.154,759.3 1 0
k071123/internal/services/parking_service/domain/mocks/connection_mock.go:761.2,764.102 3 0
k071123/internal/services/parking_service/domain/mocks/connection_mock.go:768.100,774.61 4 0
k071123/internal/services/parking_service/domain/mocks/connection_mock.go:774.61,776.3 1 0
k071123/internal/services/parking_service/domain/mocks/connection_mock.go:778.2,778.73 1 0
k071123/internal/services/parking_service/domain/mocks/connection_mock.go:778.73,782.24 3 0
k071123/internal/services/parking_service/domain/mocks/connection_mock.go:782.24,784.4 1 0
k071123/internal/services/parking_service/domain/mocks/connection_mock.go:785.3,785.26 1 0
k071123/internal/services/parking_service/domain/mocks/connection_mock.go:787.2,787.54 1 0
k071123/internal/services/parking_service/domain/mocks/connection_mock.go:787.54,789.3 1 0
k071123/internal/services/parking_service/domain/mocks/connection_mock.go:790.2,791.8 2 0
k071123/internal/services/parking_service/domain/mocks/connection_mock.go:795.83,797.2 1 0
k071123/internal/services/parking_service/domain/mocks/connection_mock.go:800.84,802.2 1 0
k071123/internal/services/parking_service/domain/mocks/connection_mock.go:806.63,807.38 1 0
k071123/internal/services/parking_service/domain/mocks/connection_mock.go:807.38,810.3 1 0
k071123/internal/services/parking_service/domain/mocks/connection_mock.go:812.2,812.57 1 0
k071123/internal/services/parking_service/domain/mocks/connection_mock.go:812.57,813.43 1 0
k071123/internal/services/parking_service/domain/mocks/connection_mock.go:813.43,815.4 1 0
k071123/internal/services/parking_service/domain/mocks/connection_mock.go:818.2,818.50 1 0
k071123/internal/services/parking_service/domain/mocks/connection_mock.go:822.61,823.57 1 0
k071123/internal/services/parking_service/domain/mocks/connection_mock.go:823.57,824.43 1 0
k071123/internal/services/parking_service/domain/mocks/connection_mock.go:824.43,826.4 1 0
k071123/internal/services/parking_service/domain/mocks/connection_mock.go:829.2,831.92 2 0
k071123/internal/services/parking_service/domain/mocks/connection_mock.go:831.92,833.3 1 0
k071123/internal/services/parking_service/domain/mocks/connection_mock.go:835.2,835.73 1 0
k071123/internal/services/parking_service/domain/mocks/connection_mock.go:835.73,837.3 1 0
k071123/internal/services/parking_service/domain/mocks/connection_mock.go:839.2,839.85 1 0
k071123/internal/services/parking_service/domain/mocks/connection_mock.go:839.85,842.3 1 0
k071123/internal/services/parking_service/domain/mocks/connection_mock.go:874.107,877.2 2 0
k071123/internal/services/parking_service/domain/mocks/connection_mock.go:880.105,881.59 1 0
k071123/internal/services/parking_service/domain/mocks/connection_mock.go:881.59,883.3 1 0
k071123/internal/services/parking_service/domain/mocks/connection_mock.go:885.2,885.51 1 0
k071123/internal/services/parking_service/domain/mocks/connection_mock.go:885.51,887.3 1 0
k071123/internal/services/parking_service/domain/mocks/connection_mock.go:889.2,889.28 1 0
k071123/internal/services/parking_service/domain/mocks/connection_mock.go:893.114,894.66 1 0
k071123/internal/services/parking_service/domain/mocks/connection_mock.go:894.66,896.3 1 0
k071123/internal/services/parking_service/domain/mocks/connection_mock.go:898.2,900.28 2 0
k071123/internal/services/parking_service/domain/mocks/connection_mock.go:904.120,905.59 1 0
k071123/internal/services/parking_service/domain/mocks/connection_mock.go:905.59,907.3 1 0
k071123/internal/services/parking_service/domain/mocks/connection_mock.go:909.2,909.51 1 0
k071123/internal/services/parking_service/domain/mocks/connection_mock.go:909.51,911.3 1 0
k071123/internal/services/parking_service/domain/mocks/connection_mock.go:912.2,914.33 3 0
k071123/internal/services/parking_service/domain/mocks/connection_mock.go:918.128,919.51 1 0
k071123/internal/services/parking_service/domain/mocks/connection_mock.go:919.51,921.3 1 0
k071123/internal/services/parking_service/domain/mocks/connection_mock.go:923.2,923.47 1 0
k071123/internal/services/parking_service/domain/mocks/connection_mock.go:923.47,925.3 1 0
k071123/internal/services/parking_service/domain/mocks/connection_mock.go:927.2,929.33 3 0
k071123/internal/services/parking_service/domain/mocks/connection_mock.go:933.112,934.12 1 0
k071123/internal/services/parking_service/domain/mocks/connection_mock.go:934.12,936.3 1 0
k071123/internal/services/parking_service/domain/mocks/connection_mock.go:937.2,939.28 3 0
k071123/internal/services/parking_service/domain/mocks/connection_mock.go:942.85,943.154 1 0
k071123/internal/services/parking_service/domain/mocks/connection_mock.go:943.154,945.3 1 0
k071123/internal/services/parking_service/domain/mocks/connection_mock.go:947.2,950.102 3 0
k071123/internal/services/parking_service/domain/mocks/connection_mock.go:954.100,960.61 4 0
k071123/internal/services/parking_service/domain/mocks/connection_mock.go:960.61,962.3 1 0
k071123/internal/services/parking_service/domain/mocks/connection_mock.go:964.2,964.73 1 0
k071123/internal/services/parking_service/domain/mocks/connection_mock.go:964.73,968.24 3 0
k071123/internal/services/parking_service/domain/mocks/connection_mock.go:968.24,970.4 1 0
k071123/internal/services/parking_service/domain/mocks/connection_mock.go:971.3,971.26 1 0
k071123/internal/services/parking_service/domain/mocks/connection_mock.go:973.2,973.54 1 0
k071123/internal/services/parking_service/domain/mocks/connection_mock.go:973.54,975.3 1 0
k071123/internal/services/parking_service/domain/mocks/connection_mock.go:976.2,977.8 2 0
k071123/internal/services/parking_service/domain/mocks/connection_mock.go:981.83,983.2 1 0
k071123/internal/services/parking_service/domain/mocks/connection_mock.go:986.84,988.2 1 0
k071123/internal/services/parking_service/domain/mocks/connection_mock.go:992.63,993.38 1 0
k071123/internal/services/parking_service/domain/mocks/connection_mock.go:993.38,996.3 1 0
k071123/internal/services/parking_service/domain/mocks/connection_mock.go:998.2,998.57 1 0
k071123/internal/services/parking_service/domain/mocks/connection_mock.go:998.57,999.43 1 0
k071123/internal/services/parking_service/domain/mocks/connection_mock.go:999.43,1001.4 1 0
k071123/internal/services/parking_service/domain/mocks/connection_mock.go:1004.2,1004.50 1 0
k071123/internal/services/parking_service/domain/mocks/connection_mock.go:1008.61,1009.57 1 0
k071123/internal/services/parking_service/domain/mocks/connection_mock.go:1009.57,1010.43 1 0
k071123/internal/services/parking_service/domain/mocks/connection_mock.go:1010.43,1012.4 1 0
k071123/internal/services/parking_service/domain/mocks/connection_mock.go:1015.2,1017.92 2 0
k071123/internal/services/parking_service/domain/mocks/connection_mock.go:1017.92,1019.3 1 0
k071123/internal/services/parking_service/domain/mocks/connection_mock.go:1021.2,1021.73 1 0
k071123/internal/services/parking_service/domain/mocks/connection_mock.go:1021.73,1023.3 1 0
k071123/internal/services/parking_service/domain/mocks/connection_mock.go:1025.2,1025.85 1 0
k071123/internal/services/parking_service/domain/mocks/connection_mock.go:1025.85,1028.3 1 0
k071123/internal/services/parking_service/domain/mocks/connection_mock.go:1060.104,1063.2 2 0
k071123/internal/services/parking_service/domain/mocks/connection_mock.go:1066.102,1067.57 1 0
k071123/internal/services/parking_service/domain/mocks/connection_mock.go:1067.57,1069.3 1 0
k071123/internal/services/parking_service/domain/mocks/connection_mock.go:1071.2,1071.50 1 0
k071123/internal/services/parking_service/domain/mocks/connection_mock.go:1071.50,1073.3 1 0
k071123/internal/services/parking_service/domain/mocks/connection_mock.go:1075.2,1075.27 1 0
k071123/internal/services/parking_service/domain/mocks/connection_mock.go:1079.111,1080.64 1 0
k071123/internal/services/parking_service/domain/mocks/connection_mock.go:1080.64,1082.3 1 0
k071123/internal/services/parking_service/domain/mocks/connection_mock.go:1084.2,1086.27 2 0
k071123/internal/services/parking_service/domain/mocks/connection_mock.go:1090.117,1091.57 1 0
k071123/internal/services/parking_service/domain/mocks/connection_mock.go:1091.57,1093.3 1 0
k071123/internal/services/parking_service/domain/mocks/connection_mock.go:1095.2,1095.50 1 0
k071123/internal/services/parking_service/domain/mocks/connection_mock.go:1095.50,1097.3 1 0
k071123/internal/services/parking_service/domain/mocks/connection_mock.go:1098.2,1100.32 3 0
k071123/internal/services/parking_service/domain/mocks/connection_mock.go:1104.125,1105.50 1 0
k071123/internal/services/parking_service/domain/mocks/connection_mock.go:1105.50,1107.3 1 0
k071123/internal/services/parking_service/domain/mocks/connection_mock.go:1109.2,1109.46 1 0
k071123/internal/services/parking_service/domain/mocks/connection_mock.go:1109.46,1111.3 1 0
k071123/internal/services/parking_service/domain/mocks/connection_mock.go:1113.2,1115.32 3 0
k071123/internal/services/parking_service/domain/mocks/connection_mock.go:1119.109,1120.12 1 0
k071123/internal/services/parking_service/domain/mocks/connection_mock.go:1120.12,1122.3 1 0
k071123/internal/services/parking_service/domain/mocks/connection_mock.go:1123.2,1125.27 3 0
k071123/internal/services/parking_service/domain/mocks/connection_mock.go:1128.83,1129.150 1 0
k071123/internal/services/parking_service/domain/mocks/connection_mock.go:1129.150,1131.3 1 0
k071123/internal/services/parking_service/domain/mocks/connection_mock.go:1133.2,1136.102 3 0
k071123/internal/services/parking_service/domain/mocks/connection_mock.go:1140.97,1146.59 4 0
k071123/internal/services/parking_service/domain/mocks/connection_mock.go:1146.59,1148.3 1 0
k071123/internal/services/parking_service/domain/mocks/connection_mock.go:1150.2,1150.71 1 0
k071123/internal/services/parking_service/domain/mocks/connection_mock.go:1150.71,1154.24 3 0
k071123/internal/services/parking_service/domain/mocks/connection_mock.go:1154.24,1156.4 1 0
k071123/internal/services/parking_service/domain/mocks/connection_mock.go:1157.3,1157.26 1 0
k071123/internal/services/parking_service/domain/mocks/connection_mock.go:1159.2,1159.52 1 0
k071123/internal/services/parking_service/domain/mocks/connection_mock.go:1159.52,1161.3 1 0
k071123/internal/services/parking_service/domain/mocks/connection_mock.go:1162.2,1163.8 2 0
k071123/internal/services/parking_service/domain/mocks/connection_mock.go:1167.81,1169.2 1 0
k071123/internal/services/parking_service/domain/mocks/connection_mock.go:1172.82,1174.2 1 0
k071123/internal/services/parking_service/domain/mocks/connection_mock.go:1178.62,1179.37 1 0
k071123/internal/services/parking_service/domain/mocks/connection_mock.go:1179.37,1182.3 1 0
k071123/internal/services/parking_service/domain/mocks/connection_mock.go:1184.2,1184.56 1 0
k071123/internal/services/parking_service/domain/mocks/connection_mock.go:1184.56,1185.43 1 0
k071123/internal/services/parking_service/domain/mocks/connection_mock.go:1185.43,1187.4 1 0
k071123/internal/services/parking_service/domain/mocks/connection_mock.go:1190.2,1190.49 1 0
k071123/internal/services/parking_service/domain/mocks/connection_mock.go:1194.60,1195.56 1 0
k071123/internal/services/parking_service/domain/mocks/connection_mock.go:1195.56,1196.43 1 0
k071123/internal/services/parking_service/domain/mocks/connection_mock.go:1196.43,1198.4 1 0
k071123/internal/services/parking_service/domain/mocks/connection_mock.go:1201.2,1203.90 2 0
k071123/internal/services/parking_service/domain/mocks/connection_mock.go:1203.90,1205.3 1 0
k071123/internal/services/parking_service/domain/mocks/connection_mock.go:1207.2,1207.71 1 0
k071123/internal/services/parking_service/domain/mocks/connection_mock.go:1207.71,1209.3 1 0
k071123/internal/services/parking_service/domain/mocks/connection_mock.go:1211.2,1211.83 1 0
k071123/internal/services/parking_service/domain/mocks/connection_mock.go:1211.83,1214.3 1 0
k071123/internal/services/parking_service/domain/mocks/connection_mock.go:1246.98,1249.2 2 0
k071123/internal/services/parking_service/domain/mocks/connection_mock.go:1252.96,1253.53 1 0
k071123/internal/services/parking_service/domain/mocks/connection_mock.go:1253.53,1255.3 1 0
k071123/internal/services/parking_service/domain/mocks/connection_mock.go:1257.2,1257.48 1 0
k071123/internal/services/parking_service/domain/mocks/connection_mock.go:1257.48,1259.3 1 0
k071123/internal/services/parking_service/domain/mocks/connection_mock.go:1261.2,1261.25 1 0
k071123/internal/services/parking_service/domain/mocks/connection_mock.go:1265.105,1266.60 1 0
k071123/internal/services/parking_service/domain/mocks/connection_mock.go:1266.60,1268.3 1 0
k071123/internal/services/parking_service/domain/mocks/connection_mock.go:1270.2,1272.25 2 0
k071123/internal/services/parking_service/domain/mocks/connection_mock.go:1276.111,1277.53 1 0
k071123/internal/services/parking_service/domain/mocks/connection_mock.go:1277.53,1279.3 1 0
k071123/internal/services/parking_service/domain/mocks/connection_mock.go:1281.2,1281.48 1 0
k071123/internal/services/parking_service/domain/mocks/connection_mock.go:1281.48,1283.3 1 0
k071123/internal/services/parking_service/domain/mocks/connection_mock.go:1284.2,1286.30 3 0
k071123/internal/services/parking_service/domain/mocks/connection_mock.go:1290.119,1291.48 1 0
k071123/internal/services/parking_service/domain/mocks/connection_mock.go:1291.48,1293.3 1 0
k071123/internal/services/parking_service/domain/mocks/connection_mock.go:1295.2,1295.44 1 0
k071123/internal/services/parking_service/domain/mocks/connection_mock.go:1295.44,1297.3 1 0
k071123/internal/services/parking_service/domain/mocks/connection_mock.go:1299.2,1301.30 3 0
k071123/internal/services/parking_service/domain/mocks/connection_mock.go:1305.103,1306.12 1 0
k071123/internal/services/parking_service/domain/mocks/connection_mock.go:1306.12,1308.3 1 0
k071123/internal/services/parking_service/domain/mocks/connection_mock.go:1309.2,1311.25 3 0
k071123/internal/services/parking_service/domain/mocks/connection_mock.go:1314.79,1315.142 1 0
k071123/internal/services/parking_service/domain/mocks/connection_mock.go:1315.142,1317.3 1 0
k071123/internal/services/parking_service/domain/mocks/connection_mock.go:1319.2,1322.102 3 0
k071123/internal/services/parking_service/domain/mocks/connection_mock.go:1326.91,1332.55 4 0
k071123/internal/services/parking_service/domain/mocks/connection_mock.go:1332.55,1334.3 1 0
k071123/internal/services/parking_service/domain/mocks/connection_mock.go:1336.2,1336.67 1 0
k071123/internal/services/parking_service/domain/mocks/connection_mock.go:1336.67,1340.24 3 0
k071123/internal/services/parking_service/domain/mocks/connection_mock.go:1340.24,1342.4 1 0
k071123/internal/services/parking_service/domain/mocks/connection_mock.go:1343.3,1343.26 1 0
k071123/internal/services/parking_service/domain/mocks/connection_mock.go:1345.2,1345.48 1 0
k071123/internal/services/parking_service/domain/mocks/connection_mock.go:1345.48,1347.3 1 0
k071123/internal/services/parking_service/domain/mocks/connection_mock.go:1348.2,1349.8 2 0
k071123/internal/services/parking_service/domain/mocks/connection_mock.go:1353.77,1355.2 1 0
k071123/internal/services/parking_service/domain/mocks/connection_mock.go:1358.78,1360.2 1 0
k071123/internal/services/parking_service/domain/mocks/connection_mock.go:1364.60,1365.35 1 0
k071123/internal/services/parking_service/domain/mocks/connection_mock.go:1365.35,1368.3 1 0
k071123/internal/services/parking_service/domain/mocks/connection_mock.go:1370.2,1370.54 1 0
k071123/internal/services/parking_service/domain/mocks/connection_mock.go:1370.54,1371.43 1 0
k071123/internal/services/parking_service/domain/mocks/connection_mock.go:1371.43,1373.4 1 0
k071123/internal/services/parking_service/domain/mocks/connection_mock.go:1376.2,1376.47 1 0
k071123/internal/services/parking_service/domain/mocks/connection_mock.go:1380.58,1381.54 1 0
k071123/internal/services/parking_service/domain/mocks/connection_mock.go:1381.54,1382.43 1 0
k071123/internal/services/parking_service/domain/mocks/connection_mock.go:1382.43,1384.4 1 0
k071123/internal/services/parking_service/domain/mocks/connection_mock.go:1387.2,1389.86 2 0
k071123/internal/services/parking_service/domain/mocks/connection_mock.go:1389.86,1391.3 1 0
k071123/internal/services/parking_service/domain/mocks/connection_mock.go:1393.2,1393.67 1 0
k071123/internal/services/parking_service/domain/mocks/connection_mock.go:1393.67,1395.3 1 0
k071123/internal/services/parking_service/domain/mocks/connection_mock.go:1397.2,1397.79 1 0
k071123/internal/services/parking_service/domain/mocks/connection_mock.go:1397.79,1400.3 1 0
k071123/internal/services/parking_service/domain/mocks/connection_mock.go:1404.43,1405.25 1 0
k071123/internal/services/parking_service/domain/mocks/connection_mock.go:1405.25,1406.24 1 0
k071123/internal/services/parking_service/domain/mocks/connection_mock.go:1406.24,1420.4 7 0
k071123/internal/services/parking_service/domain/mocks/connection_mock.go:1425.65,1427.6 2 0
k071123/internal/services/parking_service/domain/mocks/connection_mock.go:1427.6,1428.23 1 0
k071123/internal/services/parking_service/domain/mocks/connection_mock.go:1428.23,1430.4 1 0
k071123/internal/services/parking_service/domain/mocks/connection_mock.go:1431.3,1431.10 1 0
k071123/internal/services/parking_service/domain/mocks/connection_mock.go:1432.20,1434.10 2 0
k071123/internal/services/parking_service/domain/mocks/connection_mock.go:1435.50,1435.50 0 0
k071123/internal/services/parking_service/domain/mocks/connection_mock.go:1440.46,1450.2 2 0
k071123/internal/services/parking_service/domain/mocks/context_mock.go:44.53,47.55 2 0
k071123/internal/services/parking_service/domain/mocks/context_mock.go:47.55,49.3 1 0
k071123/internal/services/parking_service/domain/mocks/context_mock.go:51.2,59.10 5 0
k071123/internal/services/parking_service/domain/mocks/context_mock.go:91.80,94.2 2 0
k071123/internal/services/parking_service/domain/mocks/context_mock.go:97.78,98.45 1 0
k071123/internal/services/parking_service/domain/mocks/context_mock.go:98.45,100.3 1 0
k071123/internal/services/parking_service/domain/mocks/context_mock.go:102.2,102.44 1 0
k071123/internal/services/parking_service/domain/mocks/context_mock.go:102.44,104.3 1 0
k071123/internal/services/parking_service/domain/mocks/context_mock.go:106.2,106.21 1 0
k071123/internal/services/parking_service/domain/mocks/context_mock.go:110.87,111.52 1 0
k071123/internal/services/parking_service/domain/mocks/context_mock.go:111.52,113.3 1 0
k071123/internal/services/parking_service/domain/mocks/context_mock.go:115.2,117.21 2 0
k071123/internal/services/parking_service/domain/mocks/context_mock.go:121.90,122.45 1 0
k071123/internal/services/parking_service/domain/mocks/context_mock.go:122.45,124.3 1 0
k071123/internal/services/parking_service/domain/mocks/context_mock.go:126.2,126.44 1 0
k071123/internal/services/parking_service/domain/mocks/context_mock.go:126.44,128.3 1 0
k071123/internal/services/parking_service/domain/mocks/context_mock.go:129.2,131.26 3 0
k071123/internal/services/parking_service/domain/mocks/context_mock.go:135.98,136.44 1 0
k071123/internal/services/parking_service/domain/mocks/context_mock.go:136.44,138.3 1 0
k071123/internal/services/parking_service/domain/mocks/context_mock.go:140.2,140.40 1 0
k071123/internal/services/parking_service/domain/mocks/context_mock.go:140.40,142.3 1 0
k071123/internal/services/parking_service/domain/mocks/context_mock.go:144.2,146.26 3 0
k071123/internal/services/parking_service/domain/mocks/context_mock.go:150.85,151.12 1 0
k071123/internal/services/parking_service/domain/mocks/context_mock.go:151.12,153.3 1 0
k071123/internal/services/parking_service/domain/mocks/context_mock.go:154.2,156.21 3 0
k071123/internal/services/parking_service/domain/mocks/context_mock.go:159.68,160.126 1 0
k071123/internal/services/parking_service/domain/mocks/context_mock.go:160.126,162.3 1 0
k071123/internal/services/parking_service/domain/mocks/context_mock.go:164.2,167.102 3 0
k071123/internal/services/parking_service/domain/mocks/context_mock.go:171.73,177.47 4 0
k071123/internal/services/parking_service/domain/mocks/context_mock.go:177.47,179.3 1 0
k071123/internal/services/parking_service/domain/mocks/context_mock.go:181.2,181.59 1 0
k071123/internal/services/parking_service/domain/mocks/context_mock.go:181.59,185.24 3 0
k071123/internal/services/parking_service/domain/mocks/context_mock.go:185.24,187.4 1 0
k071123/internal/services/parking_service/domain/mocks/context_mock.go:188.3,188.26 1 0
k071123/internal/services/parking_service/domain/mocks/context_mock.go:190.2,190.40 1 0
k071123/internal/services/parking_service/domain/mocks/context_mock.go:190.40,192.3 1 0
k071123/internal/services/parking_service/domain/mocks/context_mock.go:193.2,194.8 2 0
k071123/internal/services/parking_service/domain/mocks/context_mock.go:198.66,200.2 1 0
k071123/internal/services/parking_service/domain/mocks/context_mock.go:203.67,205.2 1 0
k071123/internal/services/parking_service/domain/mocks/context_mock.go:209.53,210.31 1 0
k071123/internal/services/parking_service/domain/mocks/context_mock.go:210.31,213.3 1 0
k071123/internal/services/parking_service/domain/mocks/context_mock.go:215.2,215.50 1 0
k071123/internal/services/parking_service/domain/mocks/context_mock.go:215.50,216.43 1 0
k071123/internal/services/parking_service/domain/mocks/context_mock.go:216.43,218.4 1 0
k071123/internal/services/parking_service/domain/mocks/context_mock.go:221.2,221.43 1 0
k071123/internal/services/parking_service/domain/mocks/context_mock.go:225.51,226.50 1 0
k071123/internal/services/parking_service/domain/mocks/context_mock.go:226.50,227.43 1 0
k071123/internal/services/parking_service/domain/mocks/context_mock.go:227.43,229.4 1 0
k071123/internal/services/parking_service/domain/mocks/context_mock.go:232.2,234.78 2 0
k071123/internal/services/parking_service/domain/mocks/context_mock.go:234.78,236.3 1 0
k071123/internal/services/parking_service/domain/mocks/context_mock.go:238.2,238.59 1 0
k071123/internal/services/parking_service/domain/mocks/context_mock.go:238.59,240.3 1 0
k071123/internal/services/parking_service/domain/mocks/context_mock.go:242.2,242.71 1 0
k071123/internal/services/parking_service/domain/mocks/context_mock.go:242.71,245.3 1 0
k071123/internal/services/parking_service/domain/mocks/context_mock.go:277.62,280.2 2 0
k071123/internal/services/parking_service/domain/mocks/context_mock.go:283.60,284.33 1 0
k071123/internal/services/parking_service/domain/mocks/context_mock.go:284.33,286.3 1 0
k071123/internal/services/parking_service/domain/mocks/context_mock.go:288.2,288.38 1 0
k071123/internal/services/parking_service/domain/mocks/context_mock.go:288.38,290.3 1 0
k071123/internal/services/parking_service/domain/mocks/context_mock.go:292.2,292.15 1 0
k071123/internal/services/parking_service/domain/mocks/context_mock.go:296.69,297.40 1 0
k071123/internal/services/parking_service/domain/mocks/context_mock.go:297.40,299.3 1 0
k071123/internal/services/parking_service/domain/mocks/context_mock.go:301.2,303.15 2 0
k071123/internal/services/parking_service/domain/mocks/context_mock.go:307.75,308.33 1 0
k071123/internal/services/parking_service/domain/mocks/context_mock.go:308.33,310.3 1 0
k071123/internal/services/parking_service/domain/mocks/context_mock.go:312.2,312.38 1 0
k071123/internal/services/parking_service/domain/mocks/context_mock.go:312.38,314.3 1 0
k071123/internal/services/parking_service/domain/mocks/context_mock.go:315.2,317.20 3 0
k071123/internal/services/parking_service/domain/mocks/context_mock.go:321.83,322.38 1 0
k071123/internal/services/parking_service/domain/mocks/context_mock.go:322.38,324.3 1 0
k071123/internal/services/parking_service/domain/mocks/context_mock.go:326.2,326.34 1 0
k071123/internal/services/parking_service/domain/mocks/context_mock.go:326.34,328.3 1 0
k071123/internal/services/parking_service/domain/mocks/context_mock.go:330.2,332.20 3 0
k071123/internal/services/parking_service/domain/mocks/context_mock.go:336.67,337.12 1 0
k071123/internal/services/parking_service/domain/mocks/context_mock.go:337.12,339.3 1 0
k071123/internal/services/parking_service/domain/mocks/context_mock.go:340.2,342.15 3 0
k071123/internal/services/parking_service/domain/mocks/context_mock.go:345.56,346.102 1 0
k071123/internal/services/parking_service/domain/mocks/context_mock.go:346.102,348.3 1 0
k071123/internal/services/parking_service/domain/mocks/context_mock.go:350.2,353.102 3 0
k071123/internal/services/parking_service/domain/mocks/context_mock.go:357.58,363.35 4 0
k071123/internal/services/parking_service/domain/mocks/context_mock.go:363.35,365.3 1 0
k071123/internal/services/parking_service/domain/mocks/context_mock.go:367.2,367.47 1 0
k071123/internal/services/parking_service/domain/mocks/context_mock.go:367.47,371.24 3 0
k071123/internal/services/parking_service/domain/mocks/context_mock.go:371.24,373.4 1 0
k071123/internal/services/parking_service/domain/mocks/context_mock.go:374.3,374.26 1 0
k071123/internal/services/parking_service/domain/mocks/context_mock.go:376.2,376.28 1 0
k071123/internal/services/parking_service/domain/mocks/context_mock.go:376.28,378.3 1 0
k071123/internal/services/parking_service/domain/mocks/context_mock.go:379.2,380.8 2 0
k071123/internal/services/parking_service/domain/mocks/context_mock.go:384.54,386.2 1 0
k071123/internal/services/parking_service/domain/mocks/context_mock.go:389.55,391.2 1 0
k071123/internal/services/parking_service/domain/mocks/context_mock.go:395.47,396.25 1 0
k071123/internal/services/parking_service/domain/mocks/context_mock.go:396.25,399.3 1 0
k071123/internal/services/parking_service/domain/mocks/context_mock.go:401.2,401.44 1 0
k071123/internal/services/parking_service/domain/mocks/context_mock.go:401.44,402.43 1 0
k071123/internal/services/parking_service/domain/mocks/context_mock.go:402.43,404.4 1 0
k071123/internal/services/parking_service/domain/mocks/context_mock.go:407.2,407.37 1 0
k071123/internal/services/parking_service/domain/mocks/context_mock.go:411.45,412.44 1 0
k071123/internal/services/parking_service/domain/mocks/context_mock.go:412.44,413.43 1 0
k071123/internal/services/parking_service/domain/mocks/context_mock.go:413.43,415.4 1 0
k071123/internal/services/parking_service/domain/mocks/context_mock.go:418.2,420.66 2 0
k071123/internal/services/parking_service/domain/mocks/context_mock.go:420.66,422.3 1 0
k071123/internal/services/parking_service/domain/mocks/context_mock.go:424.2,424.47 1 0
k071123/internal/services/parking_service/domain/mocks/context_mock.go:424.47,426.3 1 0
k071123/internal/services/parking_service/domain/mocks/context_mock.go:428.2,428.59 1 0
k071123/internal/services/parking_service/domain/mocks/context_mock.go:428.59,431.3 1 0
k071123/internal/services/parking_service/domain/mocks/context_mock.go:463.74,466.2 2 0
k071123/internal/services/parking_service/domain/mocks/context_mock.go:469.72,470.41 1 0
k071123/internal/services/parking_service/domain/mocks/context_mock.go:470.41,472.3 1 0
k071123/internal/services/parking_service/domain/mocks/context_mock.go:474.2,474.42 1 0
k071123/internal/services/parking_service/domain/mocks/context_mock.go:474.42,476.3 1 0
k071123/internal/services/parking_service/domain/mocks/context_mock.go:478.2,478.19 1 0
k071123/internal/services/parking_service/domain/mocks/context_mock.go:482.81,483.48 1 0
k071123/internal/services/parking_service/domain/mocks/context_mock.go:483.48,485.3 1 0
k071123/internal/services/parking_service/domain/mocks/context_mock.go:487.2,489.19 2 0
k071123/internal/services/parking_service/domain/mocks/context_mock.go:493.84,494.41 1 0
k071123/internal/services/parking_service/domain/mocks/context_mock.go:494.41,496.3 1 0
k071123/internal/services/parking_service/domain/mocks/context_mock.go:498.2,498.42 1 0
k071123/internal/services/parking_service/domain/mocks/context_mock.go:498.42,500.3 1 0
k071123/internal/services/parking_service/domain/mocks/context_mock.go:501.2,503.24 3 0
k071123/internal/services/parking_service/domain/mocks/context_mock.go:507.92,508.42 1 0
k071123/internal/services/parking_service/domain/mocks/context_mock.go:508.42,510.3 1 0
k071123/internal/services/parking_service/domain/mocks/context_mock.go:512.2,512.38 1 0
k071123/internal/services/parking_service/domain/mocks/context_mock.go:512.38,514.3 1 0
k071123/internal/services/parking_service/domain/mocks/context_mock.go:516.2,518.24 3 0
k071123/internal/services/parking_service/domain/mocks/context_mock.go:522.79,523.12 1 0
k071123/internal/services/parking_service/domain/mocks/context_mock.go:523.12,525.3 1 0
k071123/internal/services/parking_service/domain/mocks/context_mock.go:526.2,528.19 3 0
k071123/internal/services/parking_service/domain/mocks/context_mock.go:531.64,532.118 1 0
k071123/internal/services/parking_service/domain/mocks/context_mock.go:532.118,534.3 1 0
k071123/internal/services/parking_service/domain/mocks/context_mock.go:536.2,539.102 3 0
k071123/internal/services/parking_service/domain/mocks/context_mock.go:543.67,549.43 4 0
k071123/internal/services/parking_service/domain/mocks/context_mock.go:549.43,551.3 1 0
k071123/internal/services/parking_service/domain/mocks/context_mock.go:553.2,553.55 1 0
k071123/internal/services/parking_service/domain/mocks/context_mock.go:553.55,557.24 3 0
k071123/internal/services/parking_service/domain/mocks/context_mock.go:557.24,559.4 1 0
k071123/internal/services/parking_service/domain/mocks/context_mock.go:560.3,560.26 1 0
k071123/internal/services/parking_service/domain/mocks/context_mock.go:562.2,562.36 1 0
k071123/internal/services/parking_service/domain/mocks/context_mock.go:562.36,564.3 1 0
k071123/internal/services/parking_service/domain/mocks/context_mock.go:565.2,566.8 2 0
k071123/internal/services/parking_service/domain/mocks/context_mock.go:570.62,572.2 1 0
k071123/internal/services/parking_service/domain/mocks/context_mock.go:575.63,577.2 1 0
k071123/internal/services/parking_service/domain/mocks/context_mock.go:581.51,582.29 1 0
k071123/internal/services/parking_service/domain/mocks/context_mock.go:582.29,585.3 1 0
k071123/internal/services/parking_service/domain/mocks/context_mock.go:587.2,587.48 1 0
k071123/internal/services/parking_service/domain/mocks/context_mock.go:587.48,588.43 1 0
k071123/internal/services/parking_service/domain/mocks/context_mock.go:588.43,590.4 1 0
k071123/internal/services/parking_service/domain/mocks/context_mock.go:593.2,593.41 1 0
k071123/internal/services/parking_service/domain/mocks/context_mock.go:597.49,598.48 1 0
k071123/internal/services/parking_service/domain/mocks/context_mock.go:598.48,599.43 1 0
k071123/internal/services/parking_service/domain/mocks/context_mock.go:599.43,601.4 1 0
k071123/internal/services/parking_service/domain/mocks/context_mock.go:604.2,606.74 2 0
k071123/internal/services/parking_service/domain/mocks/context_mock.go:606.74,608.3 1 0
k071123/internal/services/parking_service/domain/mocks/context_mock.go:610.2,610.55 1 0
k071123/internal/services/parking_service/domain/mocks/context_mock.go:610.55,612.3 1 0
k071123/internal/services/parking_service/domain/mocks/context_mock.go:614.2,614.67 1 0
k071123/internal/services/parking_service/domain/mocks/context_mock.go:614.67,617.3 1 0
k071123/internal/services/parking_service/domain/mocks/context_mock.go:621.40,622.25 1 0
k071123/internal/services/parking_service/domain/mocks/context_mock.go:622.25,623.24 1 0
k071123/internal/services/parking_service/domain/mocks/context_mock.go:623.24,629.4 3 0
k071123/internal/services/parking_service/domain/mocks/context_mock.go:634.62,636.6 2 0
[...]
k071123/internal/services/parking_service/tests/mocks/session_repository_mock.go:1664.24,1666.4 1 0
k071123/internal/services/parking_service/tests/mocks/session_repository_mock.go:1667.3,1667.46 1 0
k071123/internal/services/parking_service/tests/mocks/session_repository_mock.go:1669.2,1669.42 1 0
k071123/internal/services/parking_service/tests/mocks/session_repository_mock.go:1669.42,1671.3 1 0
k071123/internal/services/parking_service/tests/mocks/session_repository_mock.go:1672.2,1673.8 2 0
k071123/internal/services/parking_service/tests/mocks/session_repository_mock.go:1677.78,1679.2 1 0
k071123/internal/services/parking_service/tests/mocks/session_repository_mock.go:1682.79,1684.2 1 0
k071123/internal/services/parking_service/tests/mocks/session_repository_mock.go:1688.107,1697.2 5 0
k071123/internal/services/parking_service/tests/mocks/session_repository_mock.go:1701.64,1702.32 1 0
k071123/internal/services/parking_service/tests/mocks/session_repository_mock.go:1702.32,1705.3 1 0
k071123/internal/services/parking_service/tests/mocks/session_repository_mock.go:1707.2,1707.51 1 0
k071123/internal/services/parking_service/tests/mocks/session_repository_mock.go:1707.51,1708.43 1 0
k071123/internal/services/parking_service/tests/mocks/session_repository_mock.go:1708.43,1710.4 1 0
k071123/internal/services/parking_service/tests/mocks/session_repository_mock.go:1713.2,1713.44 1 0
k071123/internal/services/parking_service/tests/mocks/session_repository_mock.go:1717.62,1718.51 1 0
k071123/internal/services/parking_service/tests/mocks/session_repository_mock.go:1718.51,1719.43 1 0
k071123/internal/services/parking_service/tests/mocks/session_repository_mock.go:1719.43,1721.4 1 0
k071123/internal/services/parking_service/tests/mocks/session_repository_mock.go:1724.2,1726.80 2 0
k071123/internal/services/parking_service/tests/mocks/session_repository_mock.go:1726.80,1727.57 1 0
k071123/internal/services/parking_service/tests/mocks/session_repository_mock.go:1727.57,1729.4 1 0
k071123/internal/services/parking_service/tests/mocks/session_repository_mock.go:1729.9,1731.4 1 0
k071123/internal/services/parking_service/tests/mocks/session_repository_mock.go:1734.2,1734.61 1 0
k071123/internal/services/parking_service/tests/mocks/session_repository_mock.go:1734.61,1736.3 1 0
k071123/internal/services/parking_service/tests/mocks/session_repository_mock.go:1738.2,1738.73 1 0
k071123/internal/services/parking_service/tests/mocks/session_repository_mock.go:1738.73,1741.3 1 0
k071123/internal/services/parking_service/tests/mocks/session_repository_mock.go:1745.50,1746.25 1 0
k071123/internal/services/parking_service/tests/mocks/session_repository_mock.go:1746.25,1747.24 1 0
k071123/internal/services/parking_service/tests/mocks/session_repository_mock.go:1747.24,1759.4 6 0
k071123/internal/services/parking_service/tests/mocks/session_repository_mock.go:1764.72,1766.6 2 0
k071123/internal/services/parking_service/tests/mocks/session_repository_mock.go:1766.6,1767.23 1 0
k071123/internal/services/parking_service/tests/mocks/session_repository_mock.go:1767.23,1769.4 1 0
k071123/internal/services/parking_service/tests/mocks/session_repository_mock.go:1770.3,1770.10 1 0
k071123/internal/services/parking_service/tests/mocks/session_repository_mock.go:1771.20,1773.10 2 0
k071123/internal/services/parking_service/tests/mocks/session_repository_mock.go:1774.50,1774.50 0 0
k071123/internal/services/parking_service/tests/mocks/session_repository_mock.go:1779.53,1788.2 2 0
k071123/internal/services/parking_service/tests/mocks/unit_repository_mock.go:37.67,40.55 2 0
k071123/internal/services/parking_service/tests/mocks/unit_repository_mock.go:40.55,42.3 1 0
k071123/internal/services/parking_service/tests/mocks/unit_repository_mock.go:44.2,52.10 6 0
k071123/internal/services/parking_service/tests/mocks/unit_repository_mock.go:105.73,108.2 2 0
k071123/internal/services/parking_service/tests/mocks/unit_repository_mock.go:111.89,112.31 1 0
k071123/internal/services/parking_service/tests/mocks/unit_repository_mock.go:112.31,114.3 1 0
k071123/internal/services/parking_service/tests/mocks/unit_repository_mock.go:116.2,116.37 1 0
k071123/internal/services/parking_service/tests/mocks/unit_repository_mock.go:116.37,118.3 1 0
k071123/internal/services/parking_service/tests/mocks/unit_repository_mock.go:120.2,120.47 1 0
k071123/internal/services/parking_service/tests/mocks/unit_repository_mock.go:120.47,122.3 1 0
k071123/internal/services/parking_service/tests/mocks/unit_repository_mock.go:124.2,126.39 3 0
k071123/internal/services/parking_service/tests/mocks/unit_repository_mock.go:126.39,127.64 1 0
k071123/internal/services/parking_service/tests/mocks/unit_repository_mock.go:127.64,129.4 1 0
k071123/internal/services/parking_service/tests/mocks/unit_repository_mock.go:132.2,132.14 1 0
k071123/internal/services/parking_service/tests/mocks/unit_repository_mock.go:136.100,137.31 1 0
k071123/internal/services/parking_service/tests/mocks/unit_repository_mock.go:137.31,139.3 1 0
k071123/internal/services/parking_service/tests/mocks/unit_repository_mock.go:141.2,141.37 1 0
k071123/internal/services/parking_service/tests/mocks/unit_repository_mock.go:141.37,143.3 1 0
k071123/internal/services/parking_service/tests/mocks/unit_repository_mock.go:145.2,145.44 1 0
k071123/internal/services/parking_service/tests/mocks/unit_repository_mock.go:145.44,147.3 1 0
k071123/internal/services/parking_service/tests/mocks/unit_repository_mock.go:149.2,149.47 1 0
k071123/internal/services/parking_service/tests/mocks/unit_repository_mock.go:149.47,151.3 1 0
k071123/internal/services/parking_service/tests/mocks/unit_repository_mock.go:152.2,155.14 3 0
k071123/internal/services/parking_service/tests/mocks/unit_repository_mock.go:159.98,160.38 1 0
k071123/internal/services/parking_service/tests/mocks/unit_repository_mock.go:160.38,162.3 1 0
k071123/internal/services/parking_service/tests/mocks/unit_repository_mock.go:164.2,166.14 2 0
k071123/internal/services/parking_service/tests/mocks/unit_repository_mock.go:170.76,171.31 1 0
k071123/internal/services/parking_service/tests/mocks/unit_repository_mock.go:171.31,173.3 1 0
k071123/internal/services/parking_service/tests/mocks/unit_repository_mock.go:175.2,175.37 1 0
k071123/internal/services/parking_service/tests/mocks/unit_repository_mock.go:175.37,177.3 1 0
k071123/internal/services/parking_service/tests/mocks/unit_repository_mock.go:178.2,180.19 3 0
k071123/internal/services/parking_service/tests/mocks/unit_repository_mock.go:184.102,185.37 1 0
k071123/internal/services/parking_service/tests/mocks/unit_repository_mock.go:185.37,187.3 1 0
k071123/internal/services/parking_service/tests/mocks/unit_repository_mock.go:189.2,189.33 1 0
k071123/internal/services/parking_service/tests/mocks/unit_repository_mock.go:189.33,191.3 1 0
k071123/internal/services/parking_service/tests/mocks/unit_repository_mock.go:193.2,195.19 3 0
k071123/internal/services/parking_service/tests/mocks/unit_repository_mock.go:200.97,201.31 1 0
k071123/internal/services/parking_service/tests/mocks/unit_repository_mock.go:201.31,203.3 1 0
k071123/internal/services/parking_service/tests/mocks/unit_repository_mock.go:205.2,211.20 3 0
k071123/internal/services/parking_service/tests/mocks/unit_repository_mock.go:215.80,218.2 2 0
k071123/internal/services/parking_service/tests/mocks/unit_repository_mock.go:221.78,222.12 1 0
k071123/internal/services/parking_service/tests/mocks/unit_repository_mock.go:222.12,224.3 1 0
k071123/internal/services/parking_service/tests/mocks/unit_repository_mock.go:225.2,227.14 3 0
k071123/internal/services/parking_service/tests/mocks/unit_repository_mock.go:230.61,231.98 1 0
k071123/internal/services/parking_service/tests/mocks/unit_repository_mock.go:231.98,233.3 1 0
k071123/internal/services/parking_service/tests/mocks/unit_repository_mock.go:235.2,238.102 3 0
k071123/internal/services/parking_service/tests/mocks/unit_repository_mock.go:242.70,248.33 4 0
k071123/internal/services/parking_service/tests/mocks/unit_repository_mock.go:248.33,250.3 1 0
k071123/internal/services/parking_service/tests/mocks/unit_repository_mock.go:252.2,259.47 5 0
k071123/internal/services/parking_service/tests/mocks/unit_repository_mock.go:259.47,260.43 1 0
k071123/internal/services/parking_service/tests/mocks/unit_repository_mock.go:260.43,263.4 2 0
k071123/internal/services/parking_service/tests/mocks/unit_repository_mock.go:266.2,266.45 1 0
k071123/internal/services/parking_service/tests/mocks/unit_repository_mock.go:266.45,273.26 5 0
k071123/internal/services/parking_service/tests/mocks/unit_repository_mock.go:273.26,275.87 1 0
k071123/internal/services/parking_service/tests/mocks/unit_repository_mock.go:275.87,278.5 1 0
k071123/internal/services/parking_service/tests/mocks/unit_repository_mock.go:280.9,280.65 1 0
k071123/internal/services/parking_service/tests/mocks/unit_repository_mock.go:280.65,283.4 1 0
k071123/internal/services/parking_service/tests/mocks/unit_repository_mock.go:285.3,286.24 2 0
k071123/internal/services/parking_service/tests/mocks/unit_repository_mock.go:286.24,288.4 1 0
k071123/internal/services/parking_service/tests/mocks/unit_repository_mock.go:289.3,289.27 1 0
k071123/internal/services/parking_service/tests/mocks/unit_repository_mock.go:291.2,291.26 1 0
k071123/internal/services/parking_service/tests/mocks/unit_repository_mock.go:291.26,293.3 1 0
k071123/internal/services/parking_service/tests/mocks/unit_repository_mock.go:294.2,295.8 2 0
k071123/internal/services/parking_service/tests/mocks/unit_repository_mock.go:299.59,301.2 1 0
k071123/internal/services/parking_service/tests/mocks/unit_repository_mock.go:304.60,306.2 1 0
k071123/internal/services/parking_service/tests/mocks/unit_repository_mock.go:310.77,319.2 5 0
k071123/internal/services/parking_service/tests/mocks/unit_repository_mock.go:323.53,324.24 1 0
k071123/internal/services/parking_service/tests/mocks/unit_repository_mock.go:324.24,327.3 1 0
k071123/internal/services/parking_service/tests/mocks/unit_repository_mock.go:329.2,329.43 1 0
k071123/internal/services/parking_service/tests/mocks/unit_repository_mock.go:329.43,330.43 1 0
k071123/internal/services/parking_service/tests/mocks/unit_repository_mock.go:330.43,332.4 1 0
k071123/internal/services/parking_service/tests/mocks/unit_repository_mock.go:335.2,335.36 1 0
k071123/internal/services/parking_service/tests/mocks/unit_repository_mock.go:339.51,340.43 1 0
k071123/internal/services/parking_service/tests/mocks/unit_repository_mock.go:340.43,341.43 1 0
k071123/internal/services/parking_service/tests/mocks/unit_repository_mock.go:341.43,343.4 1 0
k071123/internal/services/parking_service/tests/mocks/unit_repository_mock.go:346.2,348.64 2 0
k071123/internal/services/parking_service/tests/mocks/unit_repository_mock.go:348.64,349.49 1 0
k071123/internal/services/parking_service/tests/mocks/unit_repository_mock.go:349.49,351.4 1 0
k071123/internal/services/parking_service/tests/mocks/unit_repository_mock.go:351.9,353.4 1 0
k071123/internal/services/parking_service/tests/mocks/unit_repository_mock.go:356.2,356.45 1 0
k071123/internal/services/parking_service/tests/mocks/unit_repository_mock.go:356.45,358.3 1 0
k071123/internal/services/parking_service/tests/mocks/unit_repository_mock.go:360.2,360.57 1 0
k071123/internal/services/parking_service/tests/mocks/unit_repository_mock.go:360.57,363.3 1 0
k071123/internal/services/parking_service/tests/mocks/unit_repository_mock.go:417.91,420.2 2 0
k071123/internal/services/parking_service/tests/mocks/unit_repository_mock.go:423.100,424.43 1 0
k071123/internal/services/parking_service/tests/mocks/unit_repository_mock.go:424.43,426.3 1 0
k071123/internal/services/parking_service/tests/mocks/unit_repository_mock.go:428.2,428.43 1 0
k071123/internal/services/parking_service/tests/mocks/unit_repository_mock.go:428.43,430.3 1 0
k071123/internal/services/parking_service/tests/mocks/unit_repository_mock.go:432.2,432.53 1 0
k071123/internal/services/parking_service/tests/mocks/unit_repository_mock.go:432.53,434.3 1 0
k071123/internal/services/parking_service/tests/mocks/unit_repository_mock.go:436.2,438.45 3 0
k071123/internal/services/parking_service/tests/mocks/unit_repository_mock.go:438.45,439.70 1 0
k071123/internal/services/parking_service/tests/mocks/unit_repository_mock.go:439.70,441.4 1 0
k071123/internal/services/parking_service/tests/mocks/unit_repository_mock.go:444.2,444.20 1 0
k071123/internal/services/parking_service/tests/mocks/unit_repository_mock.go:448.110,449.43 1 0
k071123/internal/services/parking_service/tests/mocks/unit_repository_mock.go:449.43,451.3 1 0
k071123/internal/services/parking_service/tests/mocks/unit_repository_mock.go:453.2,453.43 1 0
k071123/internal/services/parking_service/tests/mocks/unit_repository_mock.go:453.43,455.3 1 0
k071123/internal/services/parking_service/tests/mocks/unit_repository_mock.go:457.2,457.50 1 0
k071123/internal/services/parking_service/tests/mocks/unit_repository_mock.go:457.50,459.3 1 0
k071123/internal/services/parking_service/tests/mocks/unit_repository_mock.go:461.2,461.53 1 0
k071123/internal/services/parking_service/tests/mocks/unit_repository_mock.go:461.53,463.3 1 0
k071123/internal/services/parking_service/tests/mocks/unit_repository_mock.go:464.2,467.20 3 0
k071123/internal/services/parking_service/tests/mocks/unit_repository_mock.go:471.109,472.50 1 0
k071123/internal/services/parking_service/tests/mocks/unit_repository_mock.go:472.50,474.3 1 0
k071123/internal/services/parking_service/tests/mocks/unit_repository_mock.go:476.2,478.20 2 0
k071123/internal/services/parking_service/tests/mocks/unit_repository_mock.go:482.106,483.43 1 0
k071123/internal/services/parking_service/tests/mocks/unit_repository_mock.go:483.43,485.3 1 0
k071123/internal/services/parking_service/tests/mocks/unit_repository_mock.go:487.2,487.43 1 0
k071123/internal/services/parking_service/tests/mocks/unit_repository_mock.go:487.43,489.3 1 0
k071123/internal/services/parking_service/tests/mocks/unit_repository_mock.go:490.2,492.25 3 0
k071123/internal/services/parking_service/tests/mocks/unit_repository_mock.go:496.125,497.43 1 0
k071123/internal/services/parking_service/tests/mocks/unit_repository_mock.go:497.43,499.3 1 0
k071123/internal/services/parking_service/tests/mocks/unit_repository_mock.go:501.2,501.39 1 0
k071123/internal/services/parking_service/tests/mocks/unit_repository_mock.go:501.39,503.3 1 0
k071123/internal/services/parking_service/tests/mocks/unit_repository_mock.go:505.2,507.25 3 0
k071123/internal/services/parking_service/tests/mocks/unit_repository_mock.go:512.108,513.43 1 0
k071123/internal/services/parking_service/tests/mocks/unit_repository_mock.go:513.43,515.3 1 0
k071123/internal/services/parking_service/tests/mocks/unit_repository_mock.go:517.2,523.20 3 0
k071123/internal/services/parking_service/tests/mocks/unit_repository_mock.go:527.104,530.2 2 0
k071123/internal/services/parking_service/tests/mocks/unit_repository_mock.go:533.96,534.12 1 0
k071123/internal/services/parking_service/tests/mocks/unit_repository_mock.go:534.12,536.3 1 0
k071123/internal/services/parking_service/tests/mocks/unit_repository_mock.go:537.2,539.20 3 0
k071123/internal/services/parking_service/tests/mocks/unit_repository_mock.go:542.73,543.122 1 0
k071123/internal/services/parking_service/tests/mocks/unit_repository_mock.go:543.122,545.3 1 0
k071123/internal/services/parking_service/tests/mocks/unit_repository_mock.go:547.2,550.102 3 0
k071123/internal/services/parking_service/tests/mocks/unit_repository_mock.go:554.93,560.45 4 0
k071123/internal/services/parking_service/tests/mocks/unit_repository_mock.go:560.45,562.3 1 0
k071123/internal/services/parking_service/tests/mocks/unit_repository_mock.go:564.2,571.59 5 0
k071123/internal/services/parking_service/tests/mocks/unit_repository_mock.go:571.59,572.43 1 0
k071123/internal/services/parking_service/tests/mocks/unit_repository_mock.go:572.43,575.4 2 0
k071123/internal/services/parking_service/tests/mocks/unit_repository_mock.go:578.2,578.57 1 0
k071123/internal/services/parking_service/tests/mocks/unit_repository_mock.go:578.57,585.26 5 0
k071123/internal/services/parking_service/tests/mocks/unit_repository_mock.go:585.26,587.84 1 0
k071123/internal/services/parking_service/tests/mocks/unit_repository_mock.go:587.84,590.5 1 0
k071123/internal/services/parking_service/tests/mocks/unit_repository_mock.go:592.9,592.65 1 0
k071123/internal/services/parking_service/tests/mocks/unit_repository_mock.go:592.65,595.4 1 0
k071123/internal/services/parking_service/tests/mocks/unit_repository_mock.go:597.3,598.24 2 0
k071123/internal/services/parking_service/tests/mocks/unit_repository_mock.go:598.24,600.4 1 0
k071123/internal/services/parking_service/tests/mocks/unit_repository_mock.go:601.3,601.46 1 0
k071123/internal/services/parking_service/tests/mocks/unit_repository_mock.go:603.2,603.38 1 0
k071123/internal/services/parking_service/tests/mocks/unit_repository_mock.go:603.38,605.3 1 0
k071123/internal/services/parking_service/tests/mocks/unit_repository_mock.go:606.2,607.8 2 0
k071123/internal/services/parking_service/tests/mocks/unit_repository_mock.go:611.71,613.2 1 0
k071123/internal/services/parking_service/tests/mocks/unit_repository_mock.go:616.72,618.2 1 0
k071123/internal/services/parking_service/tests/mocks/unit_repository_mock.go:622.95,631.2 5 0
k071123/internal/services/parking_service/tests/mocks/unit_repository_mock.go:635.59,636.30 1 0
k071123/internal/services/parking_service/tests/mocks/unit_repository_mock.go:636.30,639.3 1 0
k071123/internal/services/parking_service/tests/mocks/unit_repository_mock.go:641.2,641.49 1 0
k071123/internal/services/parking_service/tests/mocks/unit_repository_mock.go:641.49,642.43 1 0
k071123/internal/services/parking_service/tests/mocks/unit_repository_mock.go:642.43,644.4 1 0
k071123/internal/services/parking_service/tests/mocks/unit_repository_mock.go:647.2,647.42 1 0
k071123/internal/services/parking_service/tests/mocks/unit_repository_mock.go:651.57,652.49 1 0
k071123/internal/services/parking_service/tests/mocks/unit_repository_mock.go:652.49,653.43 1 0
k071123/internal/services/parking_service/tests/mocks/unit_repository_mock.go:653.43,655.4 1 0
k071123/internal/services/parking_service/tests/mocks/unit_repository_mock.go:658.2,660.76 2 0
k071123/internal/services/parking_service/tests/mocks/unit_repository_mock.go:660.76,661.55 1 0
k071123/internal/services/parking_service/tests/mocks/unit_repository_mock.go:661.55,663.4 1 0
k071123/internal/services/parking_service/tests/mocks/unit_repository_mock.go:663.9,665.4 1 0
k071123/internal/services/parking_service/tests/mocks/unit_repository_mock.go:668.2,668.57 1 0
k071123/internal/services/parking_service/tests/mocks/unit_repository_mock.go:668.57,670.3 1 0
k071123/internal/services/parking_service/tests/mocks/unit_repository_mock.go:672.2,672.69 1 0
k071123/internal/services/parking_service/tests/mocks/unit_repository_mock.go:672.69,675.3 1 0
k071123/internal/services/parking_service/tests/mocks/unit_repository_mock.go:679.47,680.25 1 0
k071123/internal/services/parking_service/tests/mocks/unit_repository_mock.go:680.25,681.24 1 0
k071123/internal/services/parking_service/tests/mocks/unit_repository_mock.go:681.24,685.4 2 0
k071123/internal/services/parking_service/tests/mocks/unit_repository_mock.go:690.69,692.6 2 0
k071123/internal/services/parking_service/tests/mocks/unit_repository_mock.go:692.6,693.23 1 0
k071123/internal/services/parking_service/tests/mocks/unit_repository_mock.go:693.23,695.4 1 0
k071123/internal/services/parking_service/tests/mocks/unit_repository_mock.go:696.3,696.10 1 0
k071123/internal/services/parking_service/tests/mocks/unit_repository_mock.go:697.20,699.10 2 0
k071123/internal/services/parking_service/tests/mocks/unit_repository_mock.go:700.50,700.50 0 0
k071123/internal/services/parking_service/tests/mocks/unit_repository_mock.go:705.50,710.2 2 0
